time="2024-12-05T14:37:16+05:00" level=info msg="Configuration loaded"
time="2024-12-05T14:37:16+05:00" level=info msg="Connected to Postgresql"
time="2024-12-05T14:37:16+05:00" level=info msg="grpc server started :8003"
time="2024-12-05T14:40:50+05:00" level=info msg="Received signal: interrupt"
time="2024-12-05T14:40:50+05:00" level=info msg="stopping grpc server:8003"
time="2024-12-05T14:40:57+05:00" level=info msg="Configuration loaded"
time="2024-12-05T14:40:57+05:00" level=info msg="Connected to Postgresql"
time="2024-12-05T14:40:57+05:00" level=info msg="grpc server started :8003"
time="2024-12-05T14:41:59+05:00" level=info msg="Received signal: interrupt"
time="2024-12-05T14:41:59+05:00" level=info msg="stopping grpc server:8003"
time="2024-12-05T14:42:06+05:00" level=info msg="Configuration loaded"
time="2024-12-05T14:42:06+05:00" level=info msg="Connected to Postgresql"
time="2024-12-05T14:42:06+05:00" level=info msg="grpc server started :8003"
time="2024-12-05T14:42:49+05:00" level=info msg="GetDebtByFilter: Started with search parameter "
time="2024-12-05T14:42:49+05:00" level=info msg="GetDebtByFilter: Successfully retrieved 4 debts"
time="2024-12-05T14:42:49+05:00" level=info msg="GetDebtByFilter: Started with search parameter "
time="2024-12-05T14:42:49+05:00" level=info msg="GetDebtByFilter: Successfully retrieved 4 debts"
time="2024-12-05T14:44:43+05:00" level=info msg="Received signal: interrupt"
time="2024-12-05T14:44:43+05:00" level=info msg="stopping grpc server:8003"
time="2024-12-05T14:44:50+05:00" level=info msg="Configuration loaded"
time="2024-12-05T14:44:50+05:00" level=info msg="Connected to Postgresql"
time="2024-12-05T14:44:50+05:00" level=info msg="grpc server started :8003"
time="2024-12-05T14:44:54+05:00" level=info msg="GetDebtByFilter: Started with search parameter "
time="2024-12-05T14:44:54+05:00" level=info msg="GetDebtByFilter: Started with search parameter "
time="2024-12-05T14:44:54+05:00" level=info msg="GetDebtByFilter: Successfully retrieved 4 debts"
time="2024-12-05T14:44:54+05:00" level=info msg="GetDebtByFilter: Successfully retrieved 4 debts"
time="2024-12-05T14:45:06+05:00" level=info msg="GetDebtById: Started for debt ID dd59ff25-7aa4-45f4-a0d2-ae093cdae7f9"
time="2024-12-05T14:45:06+05:00" level=info msg="GetDebtById: Started for debt ID dd59ff25-7aa4-45f4-a0d2-ae093cdae7f9"
time="2024-12-05T14:45:06+05:00" level=info msg="GetDebtById: Successfully retrieved debt for ID dd59ff25-7aa4-45f4-a0d2-ae093cdae7f9"
time="2024-12-05T14:45:06+05:00" level=info msg="GetDebtById: Successfully retrieved debt for ID dd59ff25-7aa4-45f4-a0d2-ae093cdae7f9"
time="2024-12-05T14:46:01+05:00" level=info msg="GetDebtByFilter: Started with search parameter "
time="2024-12-05T14:46:01+05:00" level=info msg="GetDebtByFilter: Started with search parameter "
time="2024-12-05T14:46:01+05:00" level=info msg="GetDebtByFilter: Successfully retrieved 4 debts"
time="2024-12-05T14:46:01+05:00" level=info msg="GetDebtByFilter: Successfully retrieved 4 debts"
time="2024-12-05T14:46:02+05:00" level=info msg="GetDebtById: Started for debt ID b1a21bf1-b806-4b16-ae68-f9176f01a95a"
time="2024-12-05T14:46:02+05:00" level=info msg="GetDebtById: Started for debt ID b1a21bf1-b806-4b16-ae68-f9176f01a95a"
time="2024-12-05T14:46:02+05:00" level=info msg="GetDebtById: Successfully retrieved debt for ID b1a21bf1-b806-4b16-ae68-f9176f01a95a"
time="2024-12-05T14:46:02+05:00" level=info msg="GetDebtById: Successfully retrieved debt for ID b1a21bf1-b806-4b16-ae68-f9176f01a95a"
time="2024-12-05T14:46:10+05:00" level=info msg="GetDebtById: Started for debt ID b1a21bf1-b806-4b16-ae68-f9176f01a95a"
time="2024-12-05T14:46:10+05:00" level=info msg="GetDebtById: Started for debt ID b1a21bf1-b806-4b16-ae68-f9176f01a95a"
time="2024-12-05T14:46:10+05:00" level=info msg="GetDebtById: Successfully retrieved debt for ID b1a21bf1-b806-4b16-ae68-f9176f01a95a"
time="2024-12-05T14:46:10+05:00" level=info msg="GetDebtById: Successfully retrieved debt for ID b1a21bf1-b806-4b16-ae68-f9176f01a95a"
time="2024-12-05T14:46:11+05:00" level=info msg="GetDebtByFilter: Started with search parameter "
time="2024-12-05T14:46:11+05:00" level=info msg="GetDebtByFilter: Started with search parameter "
time="2024-12-05T14:46:11+05:00" level=info msg="GetDebtByFilter: Successfully retrieved 4 debts"
time="2024-12-05T14:46:11+05:00" level=info msg="GetDebtByFilter: Successfully retrieved 4 debts"
time="2024-12-05T14:46:12+05:00" level=info msg="GetDebtByFilter: Started with search parameter "
time="2024-12-05T14:46:12+05:00" level=info msg="GetDebtByFilter: Successfully retrieved 4 debts"
time="2024-12-05T14:46:12+05:00" level=info msg="GetDebtByFilter: Started with search parameter "
time="2024-12-05T14:46:12+05:00" level=info msg="GetDebtByFilter: Successfully retrieved 4 debts"
time="2024-12-05T14:46:13+05:00" level=info msg="GetDebtById: Started for debt ID b1a21bf1-b806-4b16-ae68-f9176f01a95a"
time="2024-12-05T14:46:13+05:00" level=info msg="GetDebtById: Successfully retrieved debt for ID b1a21bf1-b806-4b16-ae68-f9176f01a95a"
time="2024-12-05T14:46:13+05:00" level=info msg="GetDebtById: Started for debt ID b1a21bf1-b806-4b16-ae68-f9176f01a95a"
time="2024-12-05T14:46:13+05:00" level=info msg="GetDebtById: Successfully retrieved debt for ID b1a21bf1-b806-4b16-ae68-f9176f01a95a"
time="2024-12-05T14:46:18+05:00" level=info msg="GetDebtByFilter: Started with search parameter "
time="2024-12-05T14:46:18+05:00" level=info msg="GetDebtByFilter: Started with search parameter "
time="2024-12-05T14:46:18+05:00" level=info msg="GetDebtByFilter: Successfully retrieved 4 debts"
time="2024-12-05T14:46:18+05:00" level=info msg="GetDebtByFilter: Successfully retrieved 4 debts"
time="2024-12-05T14:46:19+05:00" level=info msg="GetDebtById: Started for debt ID b1a21bf1-b806-4b16-ae68-f9176f01a95a"
time="2024-12-05T14:46:19+05:00" level=info msg="GetDebtById: Successfully retrieved debt for ID b1a21bf1-b806-4b16-ae68-f9176f01a95a"
time="2024-12-05T14:46:19+05:00" level=info msg="GetDebtById: Started for debt ID b1a21bf1-b806-4b16-ae68-f9176f01a95a"
time="2024-12-05T14:46:19+05:00" level=info msg="GetDebtById: Successfully retrieved debt for ID b1a21bf1-b806-4b16-ae68-f9176f01a95a"
time="2024-12-05T14:46:20+05:00" level=info msg="GetDebtByFilter: Started with search parameter "
time="2024-12-05T14:46:20+05:00" level=info msg="GetDebtByFilter: Started with search parameter "
time="2024-12-05T14:46:20+05:00" level=info msg="GetDebtByFilter: Successfully retrieved 4 debts"
time="2024-12-05T14:46:20+05:00" level=info msg="GetDebtByFilter: Successfully retrieved 4 debts"
time="2024-12-05T14:46:20+05:00" level=info msg="GetDebtById: Started for debt ID c1af4b3c-b021-4a6d-8a7f-4f9b5e275621"
time="2024-12-05T14:46:20+05:00" level=info msg="GetDebtById: Started for debt ID c1af4b3c-b021-4a6d-8a7f-4f9b5e275621"
time="2024-12-05T14:46:20+05:00" level=info msg="GetDebtById: Successfully retrieved debt for ID c1af4b3c-b021-4a6d-8a7f-4f9b5e275621"
time="2024-12-05T14:46:20+05:00" level=info msg="GetDebtById: Successfully retrieved debt for ID c1af4b3c-b021-4a6d-8a7f-4f9b5e275621"
time="2024-12-05T14:46:21+05:00" level=info msg="GetDebtByFilter: Started with search parameter "
time="2024-12-05T14:46:21+05:00" level=info msg="GetDebtByFilter: Successfully retrieved 4 debts"
time="2024-12-05T14:46:21+05:00" level=info msg="GetDebtByFilter: Started with search parameter "
time="2024-12-05T14:46:21+05:00" level=info msg="GetDebtByFilter: Successfully retrieved 4 debts"
time="2024-12-05T14:46:22+05:00" level=info msg="GetDebtById: Started for debt ID dd59ff25-7aa4-45f4-a0d2-ae093cdae7f9"
time="2024-12-05T14:46:22+05:00" level=info msg="GetDebtById: Started for debt ID dd59ff25-7aa4-45f4-a0d2-ae093cdae7f9"
time="2024-12-05T14:46:22+05:00" level=info msg="GetDebtById: Successfully retrieved debt for ID dd59ff25-7aa4-45f4-a0d2-ae093cdae7f9"
time="2024-12-05T14:46:22+05:00" level=info msg="GetDebtById: Successfully retrieved debt for ID dd59ff25-7aa4-45f4-a0d2-ae093cdae7f9"
time="2024-12-05T14:46:32+05:00" level=info msg="GetDebtByFilter: Started with search parameter "
time="2024-12-05T14:46:32+05:00" level=info msg="GetDebtByFilter: Successfully retrieved 4 debts"
time="2024-12-05T14:46:32+05:00" level=info msg="GetDebtByFilter: Started with search parameter "
time="2024-12-05T14:46:32+05:00" level=info msg="GetDebtByFilter: Successfully retrieved 4 debts"
time="2024-12-05T14:46:33+05:00" level=info msg="GetDebtById: Started for debt ID dd59ff25-7aa4-45f4-a0d2-ae093cdae7f9"
time="2024-12-05T14:46:33+05:00" level=info msg="GetDebtById: Successfully retrieved debt for ID dd59ff25-7aa4-45f4-a0d2-ae093cdae7f9"
time="2024-12-05T14:46:33+05:00" level=info msg="GetDebtById: Started for debt ID dd59ff25-7aa4-45f4-a0d2-ae093cdae7f9"
time="2024-12-05T14:46:33+05:00" level=info msg="GetDebtById: Successfully retrieved debt for ID dd59ff25-7aa4-45f4-a0d2-ae093cdae7f9"
time="2024-12-05T14:46:41+05:00" level=info msg="GetDebtByFilter: Started with search parameter "
time="2024-12-05T14:46:41+05:00" level=info msg="GetDebtByFilter: Successfully retrieved 4 debts"
time="2024-12-05T14:46:41+05:00" level=info msg="GetDebtByFilter: Started with search parameter "
time="2024-12-05T14:46:41+05:00" level=info msg="GetDebtByFilter: Successfully retrieved 4 debts"
time="2024-12-05T14:46:42+05:00" level=info msg="GetDebtByFilter: Started with search parameter "
time="2024-12-05T14:46:42+05:00" level=info msg="GetDebtByFilter: Started with search parameter "
time="2024-12-05T14:46:42+05:00" level=info msg="GetDebtByFilter: Successfully retrieved 4 debts"
time="2024-12-05T14:46:42+05:00" level=info msg="GetDebtByFilter: Successfully retrieved 4 debts"
time="2024-12-05T14:46:43+05:00" level=info msg="GetDebtById: Started for debt ID c1af4b3c-b021-4a6d-8a7f-4f9b5e275621"
time="2024-12-05T14:46:43+05:00" level=info msg="GetDebtById: Successfully retrieved debt for ID c1af4b3c-b021-4a6d-8a7f-4f9b5e275621"
time="2024-12-05T14:46:43+05:00" level=info msg="GetDebtById: Started for debt ID c1af4b3c-b021-4a6d-8a7f-4f9b5e275621"
time="2024-12-05T14:46:43+05:00" level=info msg="GetDebtById: Successfully retrieved debt for ID c1af4b3c-b021-4a6d-8a7f-4f9b5e275621"
time="2024-12-05T14:46:43+05:00" level=info msg="GetDebtByFilter: Started with search parameter "
time="2024-12-05T14:46:43+05:00" level=info msg="GetDebtByFilter: Started with search parameter "
time="2024-12-05T14:46:43+05:00" level=info msg="GetDebtByFilter: Successfully retrieved 4 debts"
time="2024-12-05T14:46:43+05:00" level=info msg="GetDebtByFilter: Successfully retrieved 4 debts"
time="2024-12-05T16:00:04+05:00" level=info msg="GetDebtByFilter: Started with search parameter "
time="2024-12-05T16:00:04+05:00" level=info msg="GetDebtByFilter: Started with search parameter "
time="2024-12-05T16:00:04+05:00" level=info msg="GetDebtByFilter: Successfully retrieved 4 debts"
time="2024-12-05T16:00:04+05:00" level=info msg="GetDebtByFilter: Successfully retrieved 4 debts"
time="2024-12-05T16:00:09+05:00" level=info msg="GetDebtById: Started for debt ID b1a21bf1-b806-4b16-ae68-f9176f01a95a"
time="2024-12-05T16:00:09+05:00" level=info msg="GetDebtById: Started for debt ID b1a21bf1-b806-4b16-ae68-f9176f01a95a"
time="2024-12-05T16:00:09+05:00" level=info msg="GetDebtById: Successfully retrieved debt for ID b1a21bf1-b806-4b16-ae68-f9176f01a95a"
time="2024-12-05T16:00:09+05:00" level=info msg="GetDebtById: Successfully retrieved debt for ID b1a21bf1-b806-4b16-ae68-f9176f01a95a"
time="2024-12-05T16:00:11+05:00" level=info msg="GetDebtByFilter: Started with search parameter "
time="2024-12-05T16:00:11+05:00" level=info msg="GetDebtByFilter: Started with search parameter "
time="2024-12-05T16:00:11+05:00" level=info msg="GetDebtByFilter: Successfully retrieved 4 debts"
time="2024-12-05T16:00:11+05:00" level=info msg="GetDebtByFilter: Successfully retrieved 4 debts"
time="2024-12-05T16:00:15+05:00" level=info msg="GetDebtById: Started for debt ID b1a21bf1-b806-4b16-ae68-f9176f01a95a"
time="2024-12-05T16:00:15+05:00" level=info msg="GetDebtById: Started for debt ID b1a21bf1-b806-4b16-ae68-f9176f01a95a"
time="2024-12-05T16:00:15+05:00" level=info msg="GetDebtById: Successfully retrieved debt for ID b1a21bf1-b806-4b16-ae68-f9176f01a95a"
time="2024-12-05T16:00:15+05:00" level=info msg="GetDebtById: Successfully retrieved debt for ID b1a21bf1-b806-4b16-ae68-f9176f01a95a"
time="2024-12-05T16:00:16+05:00" level=info msg="GetDebtByFilter: Started with search parameter "
time="2024-12-05T16:00:16+05:00" level=info msg="GetDebtByFilter: Successfully retrieved 4 debts"
time="2024-12-05T16:00:16+05:00" level=info msg="GetDebtByFilter: Started with search parameter "
time="2024-12-05T16:00:16+05:00" level=info msg="GetDebtByFilter: Successfully retrieved 4 debts"
time="2024-12-05T16:00:18+05:00" level=info msg="GetDebtByFilter: Started with search parameter "
time="2024-12-05T16:00:18+05:00" level=info msg="GetDebtByFilter: Successfully retrieved 4 debts"
time="2024-12-05T16:00:18+05:00" level=info msg="GetDebtByFilter: Started with search parameter "
time="2024-12-05T16:00:18+05:00" level=info msg="GetDebtByFilter: Successfully retrieved 4 debts"
time="2024-12-05T16:00:29+05:00" level=info msg="GetDebtById: Started for debt ID b1a21bf1-b806-4b16-ae68-f9176f01a95a"
time="2024-12-05T16:00:29+05:00" level=info msg="GetDebtById: Successfully retrieved debt for ID b1a21bf1-b806-4b16-ae68-f9176f01a95a"
time="2024-12-05T16:00:29+05:00" level=info msg="GetDebtById: Started for debt ID b1a21bf1-b806-4b16-ae68-f9176f01a95a"
time="2024-12-05T16:00:29+05:00" level=info msg="GetDebtById: Successfully retrieved debt for ID b1a21bf1-b806-4b16-ae68-f9176f01a95a"
time="2024-12-05T16:16:30+05:00" level=info msg="GetDebtByFilter: Started with search parameter "
time="2024-12-05T16:16:30+05:00" level=info msg="GetDebtByFilter: Started with search parameter "
time="2024-12-05T16:16:30+05:00" level=info msg="GetDebtByFilter: Successfully retrieved 4 debts"
time="2024-12-05T16:16:30+05:00" level=info msg="GetDebtByFilter: Successfully retrieved 4 debts"
time="2024-12-05T16:16:31+05:00" level=info msg="GetDebtById: Started for debt ID b1a21bf1-b806-4b16-ae68-f9176f01a95a"
time="2024-12-05T16:16:31+05:00" level=info msg="GetDebtById: Successfully retrieved debt for ID b1a21bf1-b806-4b16-ae68-f9176f01a95a"
time="2024-12-05T16:16:31+05:00" level=info msg="GetDebtById: Started for debt ID b1a21bf1-b806-4b16-ae68-f9176f01a95a"
time="2024-12-05T16:16:31+05:00" level=info msg="GetDebtById: Successfully retrieved debt for ID b1a21bf1-b806-4b16-ae68-f9176f01a95a"
time="2024-12-05T16:16:40+05:00" level=info msg="GetDebtById: Started for debt ID b1a21bf1-b806-4b16-ae68-f9176f01a95a"
time="2024-12-05T16:16:40+05:00" level=info msg="GetDebtById: Successfully retrieved debt for ID b1a21bf1-b806-4b16-ae68-f9176f01a95a"
time="2024-12-05T16:16:40+05:00" level=info msg="GetDebtById: Started for debt ID b1a21bf1-b806-4b16-ae68-f9176f01a95a"
time="2024-12-05T16:16:40+05:00" level=info msg="GetDebtById: Successfully retrieved debt for ID b1a21bf1-b806-4b16-ae68-f9176f01a95a"
time="2024-12-05T16:16:42+05:00" level=info msg="GetDebtByFilter: Started with search parameter "
time="2024-12-05T16:16:42+05:00" level=info msg="GetDebtByFilter: Successfully retrieved 4 debts"
time="2024-12-05T16:16:42+05:00" level=info msg="GetDebtByFilter: Started with search parameter "
time="2024-12-05T16:16:42+05:00" level=info msg="GetDebtByFilter: Successfully retrieved 4 debts"
time="2024-12-05T16:16:42+05:00" level=info msg="GetDebtById: Started for debt ID b1a21bf1-b806-4b16-ae68-f9176f01a95a"
time="2024-12-05T16:16:42+05:00" level=info msg="GetDebtById: Started for debt ID b1a21bf1-b806-4b16-ae68-f9176f01a95a"
time="2024-12-05T16:16:42+05:00" level=info msg="GetDebtById: Successfully retrieved debt for ID b1a21bf1-b806-4b16-ae68-f9176f01a95a"
time="2024-12-05T16:16:42+05:00" level=info msg="GetDebtById: Successfully retrieved debt for ID b1a21bf1-b806-4b16-ae68-f9176f01a95a"
time="2024-12-05T16:17:09+05:00" level=info msg="GetDebtById: Started for debt ID b1a21bf1-b806-4b16-ae68-f9176f01a95a"
time="2024-12-05T16:17:09+05:00" level=info msg="GetDebtById: Successfully retrieved debt for ID b1a21bf1-b806-4b16-ae68-f9176f01a95a"
time="2024-12-05T16:17:09+05:00" level=info msg="GetDebtById: Started for debt ID b1a21bf1-b806-4b16-ae68-f9176f01a95a"
time="2024-12-05T16:17:09+05:00" level=info msg="GetDebtById: Successfully retrieved debt for ID b1a21bf1-b806-4b16-ae68-f9176f01a95a"
time="2024-12-05T16:17:17+05:00" level=info msg="GetDebtById: Started for debt ID b1a21bf1-b806-4b16-ae68-f9176f01a95a"
time="2024-12-05T16:17:17+05:00" level=info msg="GetDebtById: Successfully retrieved debt for ID b1a21bf1-b806-4b16-ae68-f9176f01a95a"
time="2024-12-05T16:17:17+05:00" level=info msg="GetDebtById: Started for debt ID b1a21bf1-b806-4b16-ae68-f9176f01a95a"
time="2024-12-05T16:17:17+05:00" level=info msg="GetDebtById: Successfully retrieved debt for ID b1a21bf1-b806-4b16-ae68-f9176f01a95a"
time="2024-12-05T16:17:26+05:00" level=info msg="GetDebtById: Started for debt ID b1a21bf1-b806-4b16-ae68-f9176f01a95a"
time="2024-12-05T16:17:26+05:00" level=info msg="GetDebtById: Started for debt ID b1a21bf1-b806-4b16-ae68-f9176f01a95a"
time="2024-12-05T16:17:26+05:00" level=info msg="GetDebtById: Successfully retrieved debt for ID b1a21bf1-b806-4b16-ae68-f9176f01a95a"
time="2024-12-05T16:17:26+05:00" level=info msg="GetDebtById: Successfully retrieved debt for ID b1a21bf1-b806-4b16-ae68-f9176f01a95a"
time="2024-12-05T16:17:27+05:00" level=info msg="GetDebtByFilter: Started with search parameter "
time="2024-12-05T16:17:27+05:00" level=info msg="GetDebtByFilter: Started with search parameter "
time="2024-12-05T16:17:27+05:00" level=info msg="GetDebtByFilter: Successfully retrieved 4 debts"
time="2024-12-05T16:17:27+05:00" level=info msg="GetDebtByFilter: Successfully retrieved 4 debts"
time="2024-12-05T16:18:09+05:00" level=info msg="GetDebtById: Started for debt ID c1af4b3c-b021-4a6d-8a7f-4f9b5e275621"
time="2024-12-05T16:18:09+05:00" level=info msg="GetDebtById: Successfully retrieved debt for ID c1af4b3c-b021-4a6d-8a7f-4f9b5e275621"
time="2024-12-05T16:18:09+05:00" level=info msg="GetDebtById: Started for debt ID c1af4b3c-b021-4a6d-8a7f-4f9b5e275621"
time="2024-12-05T16:18:09+05:00" level=info msg="GetDebtById: Successfully retrieved debt for ID c1af4b3c-b021-4a6d-8a7f-4f9b5e275621"
time="2024-12-05T16:18:18+05:00" level=info msg="GetDebtByFilter: Started with search parameter "
time="2024-12-05T16:18:18+05:00" level=info msg="GetDebtByFilter: Successfully retrieved 4 debts"
time="2024-12-05T16:18:18+05:00" level=info msg="GetDebtByFilter: Started with search parameter "
time="2024-12-05T16:18:18+05:00" level=info msg="GetDebtByFilter: Successfully retrieved 4 debts"
time="2024-12-05T16:18:21+05:00" level=info msg="GetDebtById: Started for debt ID c1af4b3c-b021-4a6d-8a7f-4f9b5e275621"
time="2024-12-05T16:18:21+05:00" level=info msg="GetDebtById: Successfully retrieved debt for ID c1af4b3c-b021-4a6d-8a7f-4f9b5e275621"
time="2024-12-05T16:18:21+05:00" level=info msg="GetDebtById: Started for debt ID c1af4b3c-b021-4a6d-8a7f-4f9b5e275621"
time="2024-12-05T16:18:21+05:00" level=info msg="GetDebtById: Successfully retrieved debt for ID c1af4b3c-b021-4a6d-8a7f-4f9b5e275621"
time="2024-12-05T16:18:22+05:00" level=info msg="GetDebtByFilter: Started with search parameter "
time="2024-12-05T16:18:22+05:00" level=info msg="GetDebtByFilter: Started with search parameter "
time="2024-12-05T16:18:22+05:00" level=info msg="GetDebtByFilter: Successfully retrieved 4 debts"
time="2024-12-05T16:18:22+05:00" level=info msg="GetDebtByFilter: Successfully retrieved 4 debts"
time="2024-12-05T16:24:40+05:00" level=info msg="GetDebtByFilter: Started with search parameter "
time="2024-12-05T16:24:40+05:00" level=info msg="GetDebtByFilter: Started with search parameter "
time="2024-12-05T16:24:40+05:00" level=info msg="GetDebtByFilter: Successfully retrieved 4 debts"
time="2024-12-05T16:24:40+05:00" level=info msg="GetDebtByFilter: Successfully retrieved 4 debts"
time="2024-12-05T16:25:15+05:00" level=info msg="GetDebtById: Started for debt ID c1af4b3c-b021-4a6d-8a7f-4f9b5e275621"
time="2024-12-05T16:25:15+05:00" level=info msg="GetDebtById: Started for debt ID c1af4b3c-b021-4a6d-8a7f-4f9b5e275621"
time="2024-12-05T16:25:15+05:00" level=info msg="GetDebtById: Successfully retrieved debt for ID c1af4b3c-b021-4a6d-8a7f-4f9b5e275621"
time="2024-12-05T16:25:15+05:00" level=info msg="GetDebtById: Successfully retrieved debt for ID c1af4b3c-b021-4a6d-8a7f-4f9b5e275621"
time="2024-12-05T16:25:18+05:00" level=info msg="GetDebtByFilter: Started with search parameter "
time="2024-12-05T16:25:18+05:00" level=info msg="GetDebtByFilter: Successfully retrieved 4 debts"
time="2024-12-05T16:25:18+05:00" level=info msg="GetDebtByFilter: Started with search parameter "
time="2024-12-05T16:25:18+05:00" level=info msg="GetDebtByFilter: Successfully retrieved 4 debts"
time="2024-12-05T16:25:19+05:00" level=info msg="GetDebtById: Started for debt ID c1af4b3c-b021-4a6d-8a7f-4f9b5e275621"
time="2024-12-05T16:25:19+05:00" level=info msg="GetDebtById: Successfully retrieved debt for ID c1af4b3c-b021-4a6d-8a7f-4f9b5e275621"
time="2024-12-05T16:25:19+05:00" level=info msg="GetDebtById: Started for debt ID c1af4b3c-b021-4a6d-8a7f-4f9b5e275621"
time="2024-12-05T16:25:19+05:00" level=info msg="GetDebtById: Successfully retrieved debt for ID c1af4b3c-b021-4a6d-8a7f-4f9b5e275621"
time="2024-12-05T16:27:42+05:00" level=info msg="GetDebtByFilter: Started with search parameter "
time="2024-12-05T16:27:42+05:00" level=info msg="GetDebtByFilter: Started with search parameter "
time="2024-12-05T16:27:42+05:00" level=info msg="GetDebtByFilter: Successfully retrieved 4 debts"
time="2024-12-05T16:27:42+05:00" level=info msg="GetDebtByFilter: Successfully retrieved 4 debts"
time="2024-12-05T16:27:43+05:00" level=info msg="GetDebtById: Started for debt ID c1af4b3c-b021-4a6d-8a7f-4f9b5e275621"
time="2024-12-05T16:27:43+05:00" level=info msg="GetDebtById: Successfully retrieved debt for ID c1af4b3c-b021-4a6d-8a7f-4f9b5e275621"
time="2024-12-05T16:27:43+05:00" level=info msg="GetDebtById: Started for debt ID c1af4b3c-b021-4a6d-8a7f-4f9b5e275621"
time="2024-12-05T16:27:43+05:00" level=info msg="GetDebtById: Successfully retrieved debt for ID c1af4b3c-b021-4a6d-8a7f-4f9b5e275621"
time="2024-12-05T16:27:45+05:00" level=info msg="GetDebtByFilter: Started with search parameter "
time="2024-12-05T16:27:45+05:00" level=info msg="GetDebtByFilter: Successfully retrieved 4 debts"
time="2024-12-05T16:27:45+05:00" level=info msg="GetDebtByFilter: Started with search parameter "
time="2024-12-05T16:27:45+05:00" level=info msg="GetDebtByFilter: Successfully retrieved 4 debts"
time="2024-12-05T16:27:55+05:00" level=info msg="GetDebtById: Started for debt ID c1af4b3c-b021-4a6d-8a7f-4f9b5e275621"
time="2024-12-05T16:27:55+05:00" level=info msg="GetDebtById: Started for debt ID c1af4b3c-b021-4a6d-8a7f-4f9b5e275621"
time="2024-12-05T16:27:55+05:00" level=info msg="GetDebtById: Successfully retrieved debt for ID c1af4b3c-b021-4a6d-8a7f-4f9b5e275621"
time="2024-12-05T16:27:55+05:00" level=info msg="GetDebtById: Successfully retrieved debt for ID c1af4b3c-b021-4a6d-8a7f-4f9b5e275621"
time="2024-12-05T16:27:57+05:00" level=info msg="GetDebtByFilter: Started with search parameter "
time="2024-12-05T16:27:57+05:00" level=info msg="GetDebtByFilter: Successfully retrieved 4 debts"
time="2024-12-05T16:27:57+05:00" level=info msg="GetDebtByFilter: Started with search parameter "
time="2024-12-05T16:27:57+05:00" level=info msg="GetDebtByFilter: Successfully retrieved 4 debts"
time="2024-12-05T16:31:08+05:00" level=info msg="GetDebtById: Started for debt ID c1af4b3c-b021-4a6d-8a7f-4f9b5e275621"
time="2024-12-05T16:31:08+05:00" level=info msg="GetDebtById: Started for debt ID c1af4b3c-b021-4a6d-8a7f-4f9b5e275621"
time="2024-12-05T16:31:08+05:00" level=info msg="GetDebtById: Successfully retrieved debt for ID c1af4b3c-b021-4a6d-8a7f-4f9b5e275621"
time="2024-12-05T16:31:08+05:00" level=info msg="GetDebtById: Successfully retrieved debt for ID c1af4b3c-b021-4a6d-8a7f-4f9b5e275621"
time="2024-12-05T16:31:11+05:00" level=info msg="GetDebtByFilter: Started with search parameter "
time="2024-12-05T16:31:11+05:00" level=info msg="GetDebtByFilter: Started with search parameter "
time="2024-12-05T16:31:11+05:00" level=info msg="GetDebtByFilter: Successfully retrieved 4 debts"
time="2024-12-05T16:31:11+05:00" level=info msg="GetDebtByFilter: Successfully retrieved 4 debts"
time="2024-12-05T16:31:18+05:00" level=info msg="GetDebtById: Started for debt ID c1af4b3c-b021-4a6d-8a7f-4f9b5e275621"
time="2024-12-05T16:31:18+05:00" level=info msg="GetDebtById: Started for debt ID c1af4b3c-b021-4a6d-8a7f-4f9b5e275621"
time="2024-12-05T16:31:18+05:00" level=info msg="GetDebtById: Successfully retrieved debt for ID c1af4b3c-b021-4a6d-8a7f-4f9b5e275621"
time="2024-12-05T16:31:18+05:00" level=info msg="GetDebtById: Successfully retrieved debt for ID c1af4b3c-b021-4a6d-8a7f-4f9b5e275621"
time="2024-12-05T16:31:21+05:00" level=info msg="GetDebtByFilter: Started with search parameter "
time="2024-12-05T16:31:21+05:00" level=info msg="GetDebtByFilter: Started with search parameter "
time="2024-12-05T16:31:21+05:00" level=info msg="GetDebtByFilter: Successfully retrieved 4 debts"
time="2024-12-05T16:31:21+05:00" level=info msg="GetDebtByFilter: Successfully retrieved 4 debts"
time="2024-12-05T16:31:26+05:00" level=info msg="GetDebtById: Started for debt ID c1af4b3c-b021-4a6d-8a7f-4f9b5e275621"
time="2024-12-05T16:31:26+05:00" level=info msg="GetDebtById: Started for debt ID c1af4b3c-b021-4a6d-8a7f-4f9b5e275621"
time="2024-12-05T16:31:26+05:00" level=info msg="GetDebtById: Successfully retrieved debt for ID c1af4b3c-b021-4a6d-8a7f-4f9b5e275621"
time="2024-12-05T16:31:26+05:00" level=info msg="GetDebtById: Successfully retrieved debt for ID c1af4b3c-b021-4a6d-8a7f-4f9b5e275621"
time="2024-12-05T16:31:37+05:00" level=info msg="GetDebtByFilter: Started with search parameter "
time="2024-12-05T16:31:37+05:00" level=info msg="GetDebtByFilter: Successfully retrieved 4 debts"
time="2024-12-05T16:31:37+05:00" level=info msg="GetDebtByFilter: Started with search parameter "
time="2024-12-05T16:31:37+05:00" level=info msg="GetDebtByFilter: Successfully retrieved 4 debts"
time="2024-12-05T16:31:51+05:00" level=info msg="GetDebtById: Started for debt ID c1af4b3c-b021-4a6d-8a7f-4f9b5e275621"
time="2024-12-05T16:31:51+05:00" level=info msg="GetDebtById: Started for debt ID c1af4b3c-b021-4a6d-8a7f-4f9b5e275621"
time="2024-12-05T16:31:51+05:00" level=info msg="GetDebtById: Successfully retrieved debt for ID c1af4b3c-b021-4a6d-8a7f-4f9b5e275621"
time="2024-12-05T16:31:51+05:00" level=info msg="GetDebtById: Successfully retrieved debt for ID c1af4b3c-b021-4a6d-8a7f-4f9b5e275621"
time="2024-12-05T16:31:55+05:00" level=info msg="GetDebtByFilter: Started with search parameter "
time="2024-12-05T16:31:55+05:00" level=info msg="GetDebtByFilter: Started with search parameter "
time="2024-12-05T16:31:55+05:00" level=info msg="GetDebtByFilter: Successfully retrieved 4 debts"
time="2024-12-05T16:31:55+05:00" level=info msg="GetDebtByFilter: Successfully retrieved 4 debts"
time="2024-12-05T16:32:05+05:00" level=info msg="GetDebtById: Started for debt ID c1af4b3c-b021-4a6d-8a7f-4f9b5e275621"
time="2024-12-05T16:32:05+05:00" level=info msg="GetDebtById: Started for debt ID c1af4b3c-b021-4a6d-8a7f-4f9b5e275621"
time="2024-12-05T16:32:05+05:00" level=info msg="GetDebtById: Successfully retrieved debt for ID c1af4b3c-b021-4a6d-8a7f-4f9b5e275621"
time="2024-12-05T16:32:05+05:00" level=info msg="GetDebtById: Successfully retrieved debt for ID c1af4b3c-b021-4a6d-8a7f-4f9b5e275621"
time="2024-12-05T16:32:09+05:00" level=info msg="GetDebtByFilter: Started with search parameter "
time="2024-12-05T16:32:09+05:00" level=info msg="GetDebtByFilter: Started with search parameter "
time="2024-12-05T16:32:09+05:00" level=info msg="GetDebtByFilter: Successfully retrieved 4 debts"
time="2024-12-05T16:32:09+05:00" level=info msg="GetDebtByFilter: Successfully retrieved 4 debts"
time="2024-12-05T16:32:12+05:00" level=info msg="GetDebtById: Started for debt ID c1af4b3c-b021-4a6d-8a7f-4f9b5e275621"
time="2024-12-05T16:32:12+05:00" level=info msg="GetDebtById: Started for debt ID c1af4b3c-b021-4a6d-8a7f-4f9b5e275621"
time="2024-12-05T16:32:12+05:00" level=info msg="GetDebtById: Successfully retrieved debt for ID c1af4b3c-b021-4a6d-8a7f-4f9b5e275621"
time="2024-12-05T16:32:12+05:00" level=info msg="GetDebtById: Successfully retrieved debt for ID c1af4b3c-b021-4a6d-8a7f-4f9b5e275621"
time="2024-12-05T16:32:15+05:00" level=info msg="GetDebtByFilter: Started with search parameter "
time="2024-12-05T16:32:15+05:00" level=info msg="GetDebtByFilter: Started with search parameter "
time="2024-12-05T16:32:15+05:00" level=info msg="GetDebtByFilter: Successfully retrieved 4 debts"
time="2024-12-05T16:32:15+05:00" level=info msg="GetDebtByFilter: Successfully retrieved 4 debts"
time="2024-12-05T16:32:16+05:00" level=info msg="GetDebtById: Started for debt ID c1af4b3c-b021-4a6d-8a7f-4f9b5e275621"
time="2024-12-05T16:32:16+05:00" level=info msg="GetDebtById: Started for debt ID c1af4b3c-b021-4a6d-8a7f-4f9b5e275621"
time="2024-12-05T16:32:16+05:00" level=info msg="GetDebtById: Successfully retrieved debt for ID c1af4b3c-b021-4a6d-8a7f-4f9b5e275621"
time="2024-12-05T16:32:16+05:00" level=info msg="GetDebtById: Successfully retrieved debt for ID c1af4b3c-b021-4a6d-8a7f-4f9b5e275621"
time="2024-12-05T16:32:23+05:00" level=info msg="GetDebtByFilter: Started with search parameter "
time="2024-12-05T16:32:23+05:00" level=info msg="GetDebtByFilter: Started with search parameter "
time="2024-12-05T16:32:23+05:00" level=info msg="GetDebtByFilter: Successfully retrieved 4 debts"
time="2024-12-05T16:32:23+05:00" level=info msg="GetDebtByFilter: Successfully retrieved 4 debts"
time="2024-12-05T16:32:44+05:00" level=info msg="GetDebtByFilter: Started with search parameter "
time="2024-12-05T16:32:44+05:00" level=info msg="GetDebtByFilter: Successfully retrieved 4 debts"
time="2024-12-05T16:32:44+05:00" level=info msg="GetDebtByFilter: Started with search parameter "
time="2024-12-05T16:32:44+05:00" level=info msg="GetDebtByFilter: Successfully retrieved 4 debts"
time="2024-12-05T16:33:04+05:00" level=info msg="GetDebtByFilter: Started with search parameter "
time="2024-12-05T16:33:04+05:00" level=info msg="GetDebtByFilter: Started with search parameter "
time="2024-12-05T16:33:04+05:00" level=info msg="GetDebtByFilter: Successfully retrieved 4 debts"
time="2024-12-05T16:33:04+05:00" level=info msg="GetDebtByFilter: Successfully retrieved 4 debts"
time="2024-12-05T16:33:05+05:00" level=info msg="GetDebtByFilter: Started with search parameter "
time="2024-12-05T16:33:05+05:00" level=info msg="GetDebtByFilter: Successfully retrieved 4 debts"
time="2024-12-05T16:33:05+05:00" level=info msg="GetDebtByFilter: Started with search parameter "
time="2024-12-05T16:33:05+05:00" level=info msg="GetDebtByFilter: Successfully retrieved 4 debts"
time="2024-12-05T16:33:17+05:00" level=info msg="GetDebtByFilter: Started with search parameter "
time="2024-12-05T16:33:17+05:00" level=info msg="GetDebtByFilter: Successfully retrieved 4 debts"
time="2024-12-05T16:33:17+05:00" level=info msg="GetDebtByFilter: Started with search parameter "
time="2024-12-05T16:33:17+05:00" level=info msg="GetDebtByFilter: Successfully retrieved 4 debts"
time="2024-12-05T16:33:27+05:00" level=info msg="GetDebtByFilter: Started with search parameter "
time="2024-12-05T16:33:27+05:00" level=info msg="GetDebtByFilter: Successfully retrieved 4 debts"
time="2024-12-05T16:33:27+05:00" level=info msg="GetDebtByFilter: Started with search parameter "
time="2024-12-05T16:33:27+05:00" level=info msg="GetDebtByFilter: Successfully retrieved 4 debts"
time="2024-12-05T16:33:30+05:00" level=info msg="GetDebtByFilter: Started with search parameter "
time="2024-12-05T16:33:30+05:00" level=info msg="GetDebtByFilter: Successfully retrieved 4 debts"
time="2024-12-05T16:33:30+05:00" level=info msg="GetDebtByFilter: Started with search parameter "
time="2024-12-05T16:33:30+05:00" level=info msg="GetDebtByFilter: Successfully retrieved 4 debts"
time="2024-12-05T16:33:49+05:00" level=info msg="GetDebtByFilter: Started with search parameter "
time="2024-12-05T16:33:49+05:00" level=info msg="GetDebtByFilter: Successfully retrieved 4 debts"
time="2024-12-05T16:33:49+05:00" level=info msg="GetDebtByFilter: Started with search parameter "
time="2024-12-05T16:33:49+05:00" level=info msg="GetDebtByFilter: Successfully retrieved 4 debts"
time="2024-12-05T16:33:51+05:00" level=info msg="GetDebtByFilter: Started with search parameter "
time="2024-12-05T16:33:51+05:00" level=info msg="GetDebtByFilter: Successfully retrieved 4 debts"
time="2024-12-05T16:33:51+05:00" level=info msg="GetDebtByFilter: Started with search parameter "
time="2024-12-05T16:33:51+05:00" level=info msg="GetDebtByFilter: Successfully retrieved 4 debts"
time="2024-12-05T16:33:51+05:00" level=info msg="GetDebtByFilter: Started with search parameter "
time="2024-12-05T16:33:51+05:00" level=info msg="GetDebtByFilter: Successfully retrieved 4 debts"
time="2024-12-05T16:33:51+05:00" level=info msg="GetDebtByFilter: Started with search parameter "
time="2024-12-05T16:33:51+05:00" level=info msg="GetDebtByFilter: Successfully retrieved 4 debts"
time="2024-12-05T16:33:54+05:00" level=info msg="GetDebtByFilter: Started with search parameter "
time="2024-12-05T16:33:54+05:00" level=info msg="GetDebtByFilter: Started with search parameter "
time="2024-12-05T16:33:54+05:00" level=info msg="GetDebtByFilter: Successfully retrieved 4 debts"
time="2024-12-05T16:33:54+05:00" level=info msg="GetDebtByFilter: Successfully retrieved 4 debts"
time="2024-12-05T16:33:56+05:00" level=info msg="GetDebtByFilter: Started with search parameter "
time="2024-12-05T16:33:56+05:00" level=info msg="GetDebtByFilter: Successfully retrieved 4 debts"
time="2024-12-05T16:33:56+05:00" level=info msg="GetDebtByFilter: Started with search parameter "
time="2024-12-05T16:33:56+05:00" level=info msg="GetDebtByFilter: Successfully retrieved 4 debts"
time="2024-12-05T16:33:59+05:00" level=info msg="GetDebtByFilter: Started with search parameter "
time="2024-12-05T16:33:59+05:00" level=info msg="GetDebtByFilter: Successfully retrieved 4 debts"
time="2024-12-05T16:33:59+05:00" level=info msg="GetDebtByFilter: Started with search parameter "
time="2024-12-05T16:33:59+05:00" level=info msg="GetDebtByFilter: Successfully retrieved 4 debts"
time="2024-12-05T16:34:10+05:00" level=info msg="GetDebtByFilter: Started with search parameter "
time="2024-12-05T16:34:10+05:00" level=info msg="GetDebtByFilter: Successfully retrieved 4 debts"
time="2024-12-05T16:34:10+05:00" level=info msg="GetDebtByFilter: Started with search parameter "
time="2024-12-05T16:34:10+05:00" level=info msg="GetDebtByFilter: Successfully retrieved 4 debts"
time="2024-12-05T16:35:01+05:00" level=info msg="Received signal: interrupt"
time="2024-12-05T16:35:01+05:00" level=info msg="stopping grpc server:8003"
time="2024-12-05T16:35:08+05:00" level=info msg="Configuration loaded"
time="2024-12-05T16:35:08+05:00" level=info msg="Connected to Postgresql"
time="2024-12-05T16:35:08+05:00" level=info msg="grpc server started :8003"
time="2024-12-05T16:35:13+05:00" level=info msg="GetDebtByFilter: Started with search parameter "
time="2024-12-05T16:35:13+05:00" level=info msg="GetDebtByFilter: Started with search parameter "
time="2024-12-05T16:35:13+05:00" level=info msg="GetDebtByFilter: Successfully retrieved 4 debts"
time="2024-12-05T16:35:13+05:00" level=info msg="GetDebtByFilter: Successfully retrieved 4 debts"
time="2024-12-05T16:35:21+05:00" level=info msg="GetDebtByFilter: Started with search parameter "
time="2024-12-05T16:35:21+05:00" level=info msg="GetDebtByFilter: Successfully retrieved 4 debts"
time="2024-12-05T16:35:24+05:00" level=info msg="GetDebtByFilter: Started with search parameter "
time="2024-12-05T16:35:24+05:00" level=info msg="GetDebtByFilter: Successfully retrieved 4 debts"
time="2024-12-05T16:35:26+05:00" level=info msg="GetDebtByFilter: Started with search parameter "
time="2024-12-05T16:35:26+05:00" level=info msg="GetDebtByFilter: Successfully retrieved 4 debts"
time="2024-12-05T16:35:28+05:00" level=info msg="GetDebtByFilter: Started with search parameter "
time="2024-12-05T16:35:28+05:00" level=info msg="GetDebtByFilter: Successfully retrieved 4 debts"
time="2024-12-05T16:36:26+05:00" level=info msg="GetDebtByFilter: Started with search parameter "
time="2024-12-05T16:36:26+05:00" level=info msg="GetDebtByFilter: Successfully retrieved 4 debts"
time="2024-12-05T16:36:26+05:00" level=info msg="GetDebtByFilter: Started with search parameter "
time="2024-12-05T16:36:26+05:00" level=info msg="GetDebtByFilter: Successfully retrieved 4 debts"
time="2024-12-06T09:34:31+05:00" level=info msg="Configuration loaded"
time="2024-12-06T09:34:31+05:00" level=info msg="Connected to Postgresql"
time="2024-12-06T09:34:31+05:00" level=info msg="grpc server started :8003"
time="2024-12-06T09:34:39+05:00" level=info msg="GetDebtByFilter: Started with search parameter "
time="2024-12-06T09:34:39+05:00" level=info msg="GetDebtByFilter: Started with search parameter "
time="2024-12-06T09:34:39+05:00" level=info msg="GetDebtByFilter: Successfully retrieved 4 debts"
time="2024-12-06T09:34:39+05:00" level=info msg="GetDebtByFilter: Successfully retrieved 4 debts"
time="2024-12-06T09:34:41+05:00" level=info msg="GetDebtByFilter: Started with search parameter "
time="2024-12-06T09:34:41+05:00" level=info msg="GetDebtByFilter: Successfully retrieved 4 debts"
time="2024-12-06T09:34:41+05:00" level=info msg="GetDebtByFilter: Started with search parameter "
time="2024-12-06T09:34:41+05:00" level=info msg="GetDebtByFilter: Successfully retrieved 4 debts"
