time="2024-12-05T14:38:13+05:00" level=info msg="Configuration loaded successfully"
time="2024-12-05T14:38:13+05:00" level=info msg="Connected to Product Service"
time="2024-12-05T14:38:13+05:00" level=info msg="Connected to Product Service"
time="2024-12-05T14:38:13+05:00" level=info msg="Connected to Debt Service"
time="2024-12-05T14:38:13+05:00" level=info msg="Service clients initialized"
time="2024-12-05T14:38:13+05:00" level=info msg="Connected to MinIO"
time="2024-12-05T14:38:13+05:00" level=info msg="Starting API Gateway on address::9000"
time="2024-12-05T14:38:13+05:00" level=info msg="Starting API Gateway on: :9000"
time="2024-12-05T14:40:48+05:00" level=info msg="Received signal:interrupt"
time="2024-12-05T14:40:48+05:00" level=fatal msg="http: Server closed"
time="2024-12-05T14:40:50+05:00" level=info msg="Configuration loaded successfully"
time="2024-12-05T14:40:50+05:00" level=info msg="Connected to Product Service"
time="2024-12-05T14:40:50+05:00" level=info msg="Connected to Product Service"
time="2024-12-05T14:40:50+05:00" level=info msg="Connected to Debt Service"
time="2024-12-05T14:40:50+05:00" level=info msg="Service clients initialized"
time="2024-12-05T14:40:50+05:00" level=info msg="Connected to MinIO"
time="2024-12-05T14:40:50+05:00" level=info msg="Starting API Gateway on address::9000"
time="2024-12-05T14:40:50+05:00" level=info msg="Starting API Gateway on: :9000"
time="2024-12-05T14:41:58+05:00" level=info msg="Received signal:interrupt"
time="2024-12-05T14:41:58+05:00" level=fatal msg="http: Server closed"
time="2024-12-05T14:41:59+05:00" level=info msg="Configuration loaded successfully"
time="2024-12-05T14:41:59+05:00" level=info msg="Connected to Product Service"
time="2024-12-05T14:41:59+05:00" level=info msg="Connected to Product Service"
time="2024-12-05T14:41:59+05:00" level=info msg="Connected to Debt Service"
time="2024-12-05T14:41:59+05:00" level=info msg="Service clients initialized"
time="2024-12-05T14:41:59+05:00" level=info msg="Connected to MinIO"
time="2024-12-05T14:41:59+05:00" level=info msg="Starting API Gateway on address::9000"
time="2024-12-05T14:41:59+05:00" level=info msg="Starting API Gateway on: :9000"
time="2024-12-05T14:42:49+05:00" level=info msg="GetDebtByFilter: Successfully 4"
time="2024-12-05T14:42:49+05:00" level=info msg="GetDebtByFilter: Successfully 4"
time="2024-12-05T14:44:41+05:00" level=info msg="Received signal:interrupt"
time="2024-12-05T14:44:41+05:00" level=fatal msg="http: Server closed"
time="2024-12-05T14:44:44+05:00" level=info msg="Configuration loaded successfully"
time="2024-12-05T14:44:44+05:00" level=info msg="Connected to Product Service"
time="2024-12-05T14:44:44+05:00" level=info msg="Connected to Product Service"
time="2024-12-05T14:44:44+05:00" level=info msg="Connected to Debt Service"
time="2024-12-05T14:44:44+05:00" level=info msg="Service clients initialized"
time="2024-12-05T14:44:44+05:00" level=info msg="Connected to MinIO"
time="2024-12-05T14:44:44+05:00" level=info msg="Starting API Gateway on address::9000"
time="2024-12-05T14:44:44+05:00" level=info msg="Starting API Gateway on: :9000"
time="2024-12-05T14:44:54+05:00" level=info msg="GetDebtByFilter: Successfully 3"
time="2024-12-05T14:44:54+05:00" level=info msg="GetDebtByFilter: Successfully 3"
time="2024-12-05T14:45:06+05:00" level=info msg="GetDebtById: Successfully status:true  message:\"Get Debt Successfully\"  debt:{id:\"dd59ff25-7aa4-45f4-a0d2-ae093cdae7f9\"  first_name:\"Bekzod\"  last_name:\"Nematov\"  phone_number:\"+998933105234\"  jshshir:\"11223344556677\"  address:\"1-5-21\"  price:\"200000\"  price_paid:\"0\"  deadline:\"2005-11-24 00:00:00 +0000 +0000\"  DebtCUD:{created_at:\"2024-12-05 09:14:21.122106 +0000 +0000\"  updated_at:\"2024-12-05 09:14:21.122106 +0000 +0000\"}}"
time="2024-12-05T14:45:06+05:00" level=info msg="GetDebtById: Successfully status:true  message:\"Get Debt Successfully\"  debt:{id:\"dd59ff25-7aa4-45f4-a0d2-ae093cdae7f9\"  first_name:\"Bekzod\"  last_name:\"Nematov\"  phone_number:\"+998933105234\"  jshshir:\"11223344556677\"  address:\"1-5-21\"  price:\"200000\"  price_paid:\"0\"  deadline:\"2005-11-24 00:00:00 +0000 +0000\"  DebtCUD:{created_at:\"2024-12-05 09:14:21.122106 +0000 +0000\"  updated_at:\"2024-12-05 09:14:21.122106 +0000 +0000\"}}"
time="2024-12-05T14:46:01+05:00" level=info msg="GetDebtByFilter: Successfully 3"
time="2024-12-05T14:46:01+05:00" level=info msg="GetDebtByFilter: Successfully 3"
time="2024-12-05T14:46:02+05:00" level=info msg="GetDebtById: Successfully status:true  message:\"Get Debt Successfully\"  debt:{id:\"b1a21bf1-b806-4b16-ae68-f9176f01a95a\"  first_name:\"Bekzod\"  last_name:\"Nematov\"  phone_number:\"898989\"  jshshir:\"11223344556677\"  address:\"navoi\"  price:\"100000\"  price_paid:\"50000\"  acquaintance:\"hech kim\"  collateral:\"yo'q\"  deadline:\"2024-12-10 00:00:00 +0000 +0000\"  DebtCUD:{created_at:\"2024-12-02 10:44:22.203263 +0000 +0000\"  updated_at:\"2024-12-02 10:44:22.203263 +0000 +0000\"}}"
time="2024-12-05T14:46:02+05:00" level=info msg="GetDebtById: Successfully status:true  message:\"Get Debt Successfully\"  debt:{id:\"b1a21bf1-b806-4b16-ae68-f9176f01a95a\"  first_name:\"Bekzod\"  last_name:\"Nematov\"  phone_number:\"898989\"  jshshir:\"11223344556677\"  address:\"navoi\"  price:\"100000\"  price_paid:\"50000\"  acquaintance:\"hech kim\"  collateral:\"yo'q\"  deadline:\"2024-12-10 00:00:00 +0000 +0000\"  DebtCUD:{created_at:\"2024-12-02 10:44:22.203263 +0000 +0000\"  updated_at:\"2024-12-02 10:44:22.203263 +0000 +0000\"}}"
time="2024-12-05T14:46:10+05:00" level=info msg="GetDebtById: Successfully status:true  message:\"Get Debt Successfully\"  debt:{id:\"b1a21bf1-b806-4b16-ae68-f9176f01a95a\"  first_name:\"Bekzod\"  last_name:\"Nematov\"  phone_number:\"898989\"  jshshir:\"11223344556677\"  address:\"navoi\"  price:\"100000\"  price_paid:\"50000\"  acquaintance:\"hech kim\"  collateral:\"yo'q\"  deadline:\"2024-12-10 00:00:00 +0000 +0000\"  DebtCUD:{created_at:\"2024-12-02 10:44:22.203263 +0000 +0000\"  updated_at:\"2024-12-02 10:44:22.203263 +0000 +0000\"}}"
time="2024-12-05T14:46:10+05:00" level=info msg="GetDebtById: Successfully status:true  message:\"Get Debt Successfully\"  debt:{id:\"b1a21bf1-b806-4b16-ae68-f9176f01a95a\"  first_name:\"Bekzod\"  last_name:\"Nematov\"  phone_number:\"898989\"  jshshir:\"11223344556677\"  address:\"navoi\"  price:\"100000\"  price_paid:\"50000\"  acquaintance:\"hech kim\"  collateral:\"yo'q\"  deadline:\"2024-12-10 00:00:00 +0000 +0000\"  DebtCUD:{created_at:\"2024-12-02 10:44:22.203263 +0000 +0000\"  updated_at:\"2024-12-02 10:44:22.203263 +0000 +0000\"}}"
time="2024-12-05T14:46:11+05:00" level=info msg="GetDebtByFilter: Successfully 3"
time="2024-12-05T14:46:11+05:00" level=info msg="GetDebtByFilter: Successfully 3"
time="2024-12-05T14:46:12+05:00" level=info msg="GetDebtByFilter: Successfully 3"
time="2024-12-05T14:46:12+05:00" level=info msg="GetDebtByFilter: Successfully 3"
time="2024-12-05T14:46:13+05:00" level=info msg="GetDebtById: Successfully status:true  message:\"Get Debt Successfully\"  debt:{id:\"b1a21bf1-b806-4b16-ae68-f9176f01a95a\"  first_name:\"Bekzod\"  last_name:\"Nematov\"  phone_number:\"898989\"  jshshir:\"11223344556677\"  address:\"navoi\"  price:\"100000\"  price_paid:\"50000\"  acquaintance:\"hech kim\"  collateral:\"yo'q\"  deadline:\"2024-12-10 00:00:00 +0000 +0000\"  DebtCUD:{created_at:\"2024-12-02 10:44:22.203263 +0000 +0000\"  updated_at:\"2024-12-02 10:44:22.203263 +0000 +0000\"}}"
time="2024-12-05T14:46:13+05:00" level=info msg="GetDebtById: Successfully status:true  message:\"Get Debt Successfully\"  debt:{id:\"b1a21bf1-b806-4b16-ae68-f9176f01a95a\"  first_name:\"Bekzod\"  last_name:\"Nematov\"  phone_number:\"898989\"  jshshir:\"11223344556677\"  address:\"navoi\"  price:\"100000\"  price_paid:\"50000\"  acquaintance:\"hech kim\"  collateral:\"yo'q\"  deadline:\"2024-12-10 00:00:00 +0000 +0000\"  DebtCUD:{created_at:\"2024-12-02 10:44:22.203263 +0000 +0000\"  updated_at:\"2024-12-02 10:44:22.203263 +0000 +0000\"}}"
time="2024-12-05T14:46:18+05:00" level=info msg="GetDebtByFilter: Successfully 3"
time="2024-12-05T14:46:18+05:00" level=info msg="GetDebtByFilter: Successfully 3"
time="2024-12-05T14:46:19+05:00" level=info msg="GetDebtById: Successfully status:true  message:\"Get Debt Successfully\"  debt:{id:\"b1a21bf1-b806-4b16-ae68-f9176f01a95a\"  first_name:\"Bekzod\"  last_name:\"Nematov\"  phone_number:\"898989\"  jshshir:\"11223344556677\"  address:\"navoi\"  price:\"100000\"  price_paid:\"50000\"  acquaintance:\"hech kim\"  collateral:\"yo'q\"  deadline:\"2024-12-10 00:00:00 +0000 +0000\"  DebtCUD:{created_at:\"2024-12-02 10:44:22.203263 +0000 +0000\"  updated_at:\"2024-12-02 10:44:22.203263 +0000 +0000\"}}"
time="2024-12-05T14:46:19+05:00" level=info msg="GetDebtById: Successfully status:true  message:\"Get Debt Successfully\"  debt:{id:\"b1a21bf1-b806-4b16-ae68-f9176f01a95a\"  first_name:\"Bekzod\"  last_name:\"Nematov\"  phone_number:\"898989\"  jshshir:\"11223344556677\"  address:\"navoi\"  price:\"100000\"  price_paid:\"50000\"  acquaintance:\"hech kim\"  collateral:\"yo'q\"  deadline:\"2024-12-10 00:00:00 +0000 +0000\"  DebtCUD:{created_at:\"2024-12-02 10:44:22.203263 +0000 +0000\"  updated_at:\"2024-12-02 10:44:22.203263 +0000 +0000\"}}"
time="2024-12-05T14:46:20+05:00" level=info msg="GetDebtByFilter: Successfully 3"
time="2024-12-05T14:46:20+05:00" level=info msg="GetDebtByFilter: Successfully 3"
time="2024-12-05T14:46:20+05:00" level=info msg="GetDebtById: Successfully status:true  message:\"Get Debt Successfully\"  debt:{id:\"c1af4b3c-b021-4a6d-8a7f-4f9b5e275621\"  first_name:\"Bekzod\"  last_name:\"Nematov\"  phone_number:\"898989\"  jshshir:\"11223344556677\"  address:\"navoi\"  price:\"100000\"  price_paid:\"20000\"  acquaintance:\"hech kim\"  collateral:\"yo'q\"  deadline:\"2024-12-10 00:00:00 +0000 +0000\"  DebtCUD:{created_at:\"2024-12-02 10:50:50.267901 +0000 +0000\"  updated_at:\"2024-12-02 10:50:50.267901 +0000 +0000\"}}"
time="2024-12-05T14:46:20+05:00" level=info msg="GetDebtById: Successfully status:true  message:\"Get Debt Successfully\"  debt:{id:\"c1af4b3c-b021-4a6d-8a7f-4f9b5e275621\"  first_name:\"Bekzod\"  last_name:\"Nematov\"  phone_number:\"898989\"  jshshir:\"11223344556677\"  address:\"navoi\"  price:\"100000\"  price_paid:\"20000\"  acquaintance:\"hech kim\"  collateral:\"yo'q\"  deadline:\"2024-12-10 00:00:00 +0000 +0000\"  DebtCUD:{created_at:\"2024-12-02 10:50:50.267901 +0000 +0000\"  updated_at:\"2024-12-02 10:50:50.267901 +0000 +0000\"}}"
time="2024-12-05T14:46:21+05:00" level=info msg="GetDebtByFilter: Successfully 3"
time="2024-12-05T14:46:21+05:00" level=info msg="GetDebtByFilter: Successfully 3"
time="2024-12-05T14:46:22+05:00" level=info msg="GetDebtById: Successfully status:true  message:\"Get Debt Successfully\"  debt:{id:\"dd59ff25-7aa4-45f4-a0d2-ae093cdae7f9\"  first_name:\"Bekzod\"  last_name:\"Nematov\"  phone_number:\"+998933105234\"  jshshir:\"11223344556677\"  address:\"1-5-21\"  price:\"200000\"  price_paid:\"170000\"  deadline:\"2005-11-24 00:00:00 +0000 +0000\"  DebtCUD:{created_at:\"2024-12-05 09:14:21.122106 +0000 +0000\"  updated_at:\"2024-12-05 09:14:21.122106 +0000 +0000\"}}"
time="2024-12-05T14:46:22+05:00" level=info msg="GetDebtById: Successfully status:true  message:\"Get Debt Successfully\"  debt:{id:\"dd59ff25-7aa4-45f4-a0d2-ae093cdae7f9\"  first_name:\"Bekzod\"  last_name:\"Nematov\"  phone_number:\"+998933105234\"  jshshir:\"11223344556677\"  address:\"1-5-21\"  price:\"200000\"  price_paid:\"170000\"  deadline:\"2005-11-24 00:00:00 +0000 +0000\"  DebtCUD:{created_at:\"2024-12-05 09:14:21.122106 +0000 +0000\"  updated_at:\"2024-12-05 09:14:21.122106 +0000 +0000\"}}"
time="2024-12-05T14:46:32+05:00" level=info msg="GetDebtByFilter: Successfully 3"
time="2024-12-05T14:46:32+05:00" level=info msg="GetDebtByFilter: Successfully 3"
time="2024-12-05T14:46:33+05:00" level=info msg="GetDebtById: Successfully status:true  message:\"Get Debt Successfully\"  debt:{id:\"dd59ff25-7aa4-45f4-a0d2-ae093cdae7f9\"  first_name:\"Bekzod\"  last_name:\"Nematov\"  phone_number:\"+998933105234\"  jshshir:\"11223344556677\"  address:\"1-5-21\"  price:\"200000\"  price_paid:\"180000\"  deadline:\"2005-11-24 00:00:00 +0000 +0000\"  DebtCUD:{created_at:\"2024-12-05 09:14:21.122106 +0000 +0000\"  updated_at:\"2024-12-05 09:14:21.122106 +0000 +0000\"}}"
time="2024-12-05T14:46:33+05:00" level=info msg="GetDebtById: Successfully status:true  message:\"Get Debt Successfully\"  debt:{id:\"dd59ff25-7aa4-45f4-a0d2-ae093cdae7f9\"  first_name:\"Bekzod\"  last_name:\"Nematov\"  phone_number:\"+998933105234\"  jshshir:\"11223344556677\"  address:\"1-5-21\"  price:\"200000\"  price_paid:\"180000\"  deadline:\"2005-11-24 00:00:00 +0000 +0000\"  DebtCUD:{created_at:\"2024-12-05 09:14:21.122106 +0000 +0000\"  updated_at:\"2024-12-05 09:14:21.122106 +0000 +0000\"}}"
time="2024-12-05T14:46:41+05:00" level=info msg="GetDebtByFilter: Successfully 2"
time="2024-12-05T14:46:41+05:00" level=info msg="GetDebtByFilter: Successfully 2"
time="2024-12-05T14:46:42+05:00" level=info msg="GetDebtByFilter: Successfully 2"
time="2024-12-05T14:46:42+05:00" level=info msg="GetDebtByFilter: Successfully 2"
time="2024-12-05T14:46:43+05:00" level=info msg="GetDebtById: Successfully status:true  message:\"Get Debt Successfully\"  debt:{id:\"c1af4b3c-b021-4a6d-8a7f-4f9b5e275621\"  first_name:\"Bekzod\"  last_name:\"Nematov\"  phone_number:\"898989\"  jshshir:\"11223344556677\"  address:\"navoi\"  price:\"100000\"  price_paid:\"20000\"  acquaintance:\"hech kim\"  collateral:\"yo'q\"  deadline:\"2024-12-10 00:00:00 +0000 +0000\"  DebtCUD:{created_at:\"2024-12-02 10:50:50.267901 +0000 +0000\"  updated_at:\"2024-12-02 10:50:50.267901 +0000 +0000\"}}"
time="2024-12-05T14:46:43+05:00" level=info msg="GetDebtById: Successfully status:true  message:\"Get Debt Successfully\"  debt:{id:\"c1af4b3c-b021-4a6d-8a7f-4f9b5e275621\"  first_name:\"Bekzod\"  last_name:\"Nematov\"  phone_number:\"898989\"  jshshir:\"11223344556677\"  address:\"navoi\"  price:\"100000\"  price_paid:\"20000\"  acquaintance:\"hech kim\"  collateral:\"yo'q\"  deadline:\"2024-12-10 00:00:00 +0000 +0000\"  DebtCUD:{created_at:\"2024-12-02 10:50:50.267901 +0000 +0000\"  updated_at:\"2024-12-02 10:50:50.267901 +0000 +0000\"}}"
time="2024-12-05T14:46:43+05:00" level=info msg="GetDebtByFilter: Successfully 2"
time="2024-12-05T14:46:43+05:00" level=info msg="GetDebtByFilter: Successfully 2"
time="2024-12-05T16:00:04+05:00" level=info msg="GetDebtByFilter: Successfully 2"
time="2024-12-05T16:00:04+05:00" level=info msg="GetDebtByFilter: Successfully 2"
time="2024-12-05T16:00:09+05:00" level=info msg="GetDebtById: Successfully status:true  message:\"Get Debt Successfully\"  debt:{id:\"b1a21bf1-b806-4b16-ae68-f9176f01a95a\"  first_name:\"Bekzod\"  last_name:\"Nematov\"  phone_number:\"898989\"  jshshir:\"11223344556677\"  address:\"navoi\"  price:\"100000\"  price_paid:\"50000\"  acquaintance:\"hech kim\"  collateral:\"yo'q\"  deadline:\"2024-12-10 00:00:00 +0000 +0000\"  DebtCUD:{created_at:\"2024-12-02 10:44:22.203263 +0000 +0000\"  updated_at:\"2024-12-02 10:44:22.203263 +0000 +0000\"}}"
time="2024-12-05T16:00:09+05:00" level=info msg="GetDebtById: Successfully status:true  message:\"Get Debt Successfully\"  debt:{id:\"b1a21bf1-b806-4b16-ae68-f9176f01a95a\"  first_name:\"Bekzod\"  last_name:\"Nematov\"  phone_number:\"898989\"  jshshir:\"11223344556677\"  address:\"navoi\"  price:\"100000\"  price_paid:\"50000\"  acquaintance:\"hech kim\"  collateral:\"yo'q\"  deadline:\"2024-12-10 00:00:00 +0000 +0000\"  DebtCUD:{created_at:\"2024-12-02 10:44:22.203263 +0000 +0000\"  updated_at:\"2024-12-02 10:44:22.203263 +0000 +0000\"}}"
time="2024-12-05T16:00:11+05:00" level=info msg="GetDebtByFilter: Successfully 2"
time="2024-12-05T16:00:11+05:00" level=info msg="GetDebtByFilter: Successfully 2"
time="2024-12-05T16:00:15+05:00" level=info msg="GetDebtById: Successfully status:true  message:\"Get Debt Successfully\"  debt:{id:\"b1a21bf1-b806-4b16-ae68-f9176f01a95a\"  first_name:\"Bekzod\"  last_name:\"Nematov\"  phone_number:\"898989\"  jshshir:\"11223344556677\"  address:\"navoi\"  price:\"100000\"  price_paid:\"50000\"  acquaintance:\"hech kim\"  collateral:\"yo'q\"  deadline:\"2024-12-10 00:00:00 +0000 +0000\"  DebtCUD:{created_at:\"2024-12-02 10:44:22.203263 +0000 +0000\"  updated_at:\"2024-12-02 10:44:22.203263 +0000 +0000\"}}"
time="2024-12-05T16:00:15+05:00" level=info msg="GetDebtById: Successfully status:true  message:\"Get Debt Successfully\"  debt:{id:\"b1a21bf1-b806-4b16-ae68-f9176f01a95a\"  first_name:\"Bekzod\"  last_name:\"Nematov\"  phone_number:\"898989\"  jshshir:\"11223344556677\"  address:\"navoi\"  price:\"100000\"  price_paid:\"50000\"  acquaintance:\"hech kim\"  collateral:\"yo'q\"  deadline:\"2024-12-10 00:00:00 +0000 +0000\"  DebtCUD:{created_at:\"2024-12-02 10:44:22.203263 +0000 +0000\"  updated_at:\"2024-12-02 10:44:22.203263 +0000 +0000\"}}"
time="2024-12-05T16:00:16+05:00" level=info msg="GetDebtByFilter: Successfully 2"
time="2024-12-05T16:00:16+05:00" level=info msg="GetDebtByFilter: Successfully 2"
time="2024-12-05T16:00:17+05:00" level=error msg="GetProductByFilter: Service error - rpc error: code = Unavailable desc = connection error: desc = \"transport: Error while dialing: dial tcp 127.0.0.1:8001: connect: connection refused\""
time="2024-12-05T16:00:17+05:00" level=error msg="GetProductByFilter: Service error - rpc error: code = Unavailable desc = connection error: desc = \"transport: Error while dialing: dial tcp 127.0.0.1:8001: connect: connection refused\""
time="2024-12-05T16:00:18+05:00" level=info msg="GetDebtByFilter: Successfully 2"
time="2024-12-05T16:00:18+05:00" level=info msg="GetDebtByFilter: Successfully 2"
time="2024-12-05T16:00:29+05:00" level=info msg="GetDebtById: Successfully status:true  message:\"Get Debt Successfully\"  debt:{id:\"b1a21bf1-b806-4b16-ae68-f9176f01a95a\"  first_name:\"Bekzod\"  last_name:\"Nematov\"  phone_number:\"898989\"  jshshir:\"11223344556677\"  address:\"navoi\"  price:\"100000\"  price_paid:\"50000\"  acquaintance:\"hech kim\"  collateral:\"yo'q\"  deadline:\"2024-12-10 00:00:00 +0000 +0000\"  DebtCUD:{created_at:\"2024-12-02 10:44:22.203263 +0000 +0000\"  updated_at:\"2024-12-02 10:44:22.203263 +0000 +0000\"}}"
time="2024-12-05T16:00:29+05:00" level=info msg="GetDebtById: Successfully status:true  message:\"Get Debt Successfully\"  debt:{id:\"b1a21bf1-b806-4b16-ae68-f9176f01a95a\"  first_name:\"Bekzod\"  last_name:\"Nematov\"  phone_number:\"898989\"  jshshir:\"11223344556677\"  address:\"navoi\"  price:\"100000\"  price_paid:\"50000\"  acquaintance:\"hech kim\"  collateral:\"yo'q\"  deadline:\"2024-12-10 00:00:00 +0000 +0000\"  DebtCUD:{created_at:\"2024-12-02 10:44:22.203263 +0000 +0000\"  updated_at:\"2024-12-02 10:44:22.203263 +0000 +0000\"}}"
time="2024-12-05T16:02:16+05:00" level=info msg="Received signal:interrupt"
time="2024-12-05T16:02:16+05:00" level=fatal msg="http: Server closed"
time="2024-12-05T16:02:19+05:00" level=info msg="Configuration loaded successfully"
time="2024-12-05T16:02:19+05:00" level=info msg="Connected to Product Service"
time="2024-12-05T16:02:19+05:00" level=info msg="Connected to Product Service"
time="2024-12-05T16:02:19+05:00" level=info msg="Connected to Debt Service"
time="2024-12-05T16:02:19+05:00" level=info msg="Service clients initialized"
time="2024-12-05T16:02:19+05:00" level=info msg="Connected to MinIO"
time="2024-12-05T16:02:19+05:00" level=info msg="Starting API Gateway on address::9000"
time="2024-12-05T16:02:19+05:00" level=info msg="Starting API Gateway on: :9000"
time="2024-12-05T16:16:29+05:00" level=error msg="GetProductByFilter: Service error - rpc error: code = Unavailable desc = connection error: desc = \"transport: Error while dialing: dial tcp 127.0.0.1:8001: connect: connection refused\""
time="2024-12-05T16:16:29+05:00" level=error msg="GetProductByFilter: Service error - rpc error: code = Unavailable desc = connection error: desc = \"transport: Error while dialing: dial tcp 127.0.0.1:8001: connect: connection refused\""
time="2024-12-05T16:16:30+05:00" level=info msg="GetDebtByFilter: Successfully 2"
time="2024-12-05T16:16:30+05:00" level=info msg="GetDebtByFilter: Successfully 2"
time="2024-12-05T16:16:31+05:00" level=info msg="GetDebtById: Successfully status:true  message:\"Get Debt Successfully\"  debt:{id:\"b1a21bf1-b806-4b16-ae68-f9176f01a95a\"  first_name:\"Bekzod\"  last_name:\"Nematov\"  phone_number:\"898989\"  jshshir:\"11223344556677\"  address:\"navoi\"  price:\"100000\"  price_paid:\"50000\"  acquaintance:\"hech kim\"  collateral:\"yo'q\"  deadline:\"2024-12-10 00:00:00 +0000 +0000\"  DebtCUD:{created_at:\"2024-12-02 10:44:22.203263 +0000 +0000\"  updated_at:\"2024-12-02 10:44:22.203263 +0000 +0000\"}}"
time="2024-12-05T16:16:31+05:00" level=info msg="GetDebtById: Successfully status:true  message:\"Get Debt Successfully\"  debt:{id:\"b1a21bf1-b806-4b16-ae68-f9176f01a95a\"  first_name:\"Bekzod\"  last_name:\"Nematov\"  phone_number:\"898989\"  jshshir:\"11223344556677\"  address:\"navoi\"  price:\"100000\"  price_paid:\"50000\"  acquaintance:\"hech kim\"  collateral:\"yo'q\"  deadline:\"2024-12-10 00:00:00 +0000 +0000\"  DebtCUD:{created_at:\"2024-12-02 10:44:22.203263 +0000 +0000\"  updated_at:\"2024-12-02 10:44:22.203263 +0000 +0000\"}}"
time="2024-12-05T16:16:40+05:00" level=info msg="GetDebtById: Successfully status:true  message:\"Get Debt Successfully\"  debt:{id:\"b1a21bf1-b806-4b16-ae68-f9176f01a95a\"  first_name:\"Bekzod\"  last_name:\"Nematov\"  phone_number:\"898989\"  jshshir:\"11223344556677\"  address:\"navoi\"  price:\"100000\"  price_paid:\"50000\"  acquaintance:\"hech kim\"  collateral:\"yo'q\"  deadline:\"2024-12-10 00:00:00 +0000 +0000\"  DebtCUD:{created_at:\"2024-12-02 10:44:22.203263 +0000 +0000\"  updated_at:\"2024-12-02 10:44:22.203263 +0000 +0000\"}}"
time="2024-12-05T16:16:40+05:00" level=info msg="GetDebtById: Successfully status:true  message:\"Get Debt Successfully\"  debt:{id:\"b1a21bf1-b806-4b16-ae68-f9176f01a95a\"  first_name:\"Bekzod\"  last_name:\"Nematov\"  phone_number:\"898989\"  jshshir:\"11223344556677\"  address:\"navoi\"  price:\"100000\"  price_paid:\"50000\"  acquaintance:\"hech kim\"  collateral:\"yo'q\"  deadline:\"2024-12-10 00:00:00 +0000 +0000\"  DebtCUD:{created_at:\"2024-12-02 10:44:22.203263 +0000 +0000\"  updated_at:\"2024-12-02 10:44:22.203263 +0000 +0000\"}}"
time="2024-12-05T16:16:42+05:00" level=info msg="GetDebtByFilter: Successfully 2"
time="2024-12-05T16:16:42+05:00" level=info msg="GetDebtByFilter: Successfully 2"
time="2024-12-05T16:16:42+05:00" level=info msg="GetDebtById: Successfully status:true  message:\"Get Debt Successfully\"  debt:{id:\"b1a21bf1-b806-4b16-ae68-f9176f01a95a\"  first_name:\"Bekzod\"  last_name:\"Nematov\"  phone_number:\"898989\"  jshshir:\"11223344556677\"  address:\"navoi\"  price:\"100000\"  price_paid:\"50000\"  acquaintance:\"hech kim\"  collateral:\"yo'q\"  deadline:\"2024-12-10 00:00:00 +0000 +0000\"  DebtCUD:{created_at:\"2024-12-02 10:44:22.203263 +0000 +0000\"  updated_at:\"2024-12-02 10:44:22.203263 +0000 +0000\"}}"
time="2024-12-05T16:16:42+05:00" level=info msg="GetDebtById: Successfully status:true  message:\"Get Debt Successfully\"  debt:{id:\"b1a21bf1-b806-4b16-ae68-f9176f01a95a\"  first_name:\"Bekzod\"  last_name:\"Nematov\"  phone_number:\"898989\"  jshshir:\"11223344556677\"  address:\"navoi\"  price:\"100000\"  price_paid:\"50000\"  acquaintance:\"hech kim\"  collateral:\"yo'q\"  deadline:\"2024-12-10 00:00:00 +0000 +0000\"  DebtCUD:{created_at:\"2024-12-02 10:44:22.203263 +0000 +0000\"  updated_at:\"2024-12-02 10:44:22.203263 +0000 +0000\"}}"
time="2024-12-05T16:17:09+05:00" level=info msg="GetDebtById: Successfully status:true  message:\"Get Debt Successfully\"  debt:{id:\"b1a21bf1-b806-4b16-ae68-f9176f01a95a\"  first_name:\"Bekzod\"  last_name:\"Nematov\"  phone_number:\"898989\"  jshshir:\"11223344556677\"  address:\"navoi\"  price:\"100000\"  price_paid:\"60000\"  acquaintance:\"hech kim\"  collateral:\"yo'q\"  deadline:\"2024-12-10 00:00:00 +0000 +0000\"  DebtCUD:{created_at:\"2024-12-02 10:44:22.203263 +0000 +0000\"  updated_at:\"2024-12-02 10:44:22.203263 +0000 +0000\"}}"
time="2024-12-05T16:17:09+05:00" level=info msg="GetDebtById: Successfully status:true  message:\"Get Debt Successfully\"  debt:{id:\"b1a21bf1-b806-4b16-ae68-f9176f01a95a\"  first_name:\"Bekzod\"  last_name:\"Nematov\"  phone_number:\"898989\"  jshshir:\"11223344556677\"  address:\"navoi\"  price:\"100000\"  price_paid:\"60000\"  acquaintance:\"hech kim\"  collateral:\"yo'q\"  deadline:\"2024-12-10 00:00:00 +0000 +0000\"  DebtCUD:{created_at:\"2024-12-02 10:44:22.203263 +0000 +0000\"  updated_at:\"2024-12-02 10:44:22.203263 +0000 +0000\"}}"
time="2024-12-05T16:17:17+05:00" level=info msg="GetDebtById: Successfully status:true  message:\"Get Debt Successfully\"  debt:{id:\"b1a21bf1-b806-4b16-ae68-f9176f01a95a\"  first_name:\"Bekzod\"  last_name:\"Nematov\"  phone_number:\"898989\"  jshshir:\"11223344556677\"  address:\"navoi\"  price:\"100000\"  price_paid:\"90000\"  acquaintance:\"hech kim\"  collateral:\"yo'q\"  deadline:\"2024-12-10 00:00:00 +0000 +0000\"  DebtCUD:{created_at:\"2024-12-02 10:44:22.203263 +0000 +0000\"  updated_at:\"2024-12-02 10:44:22.203263 +0000 +0000\"}}"
time="2024-12-05T16:17:17+05:00" level=info msg="GetDebtById: Successfully status:true  message:\"Get Debt Successfully\"  debt:{id:\"b1a21bf1-b806-4b16-ae68-f9176f01a95a\"  first_name:\"Bekzod\"  last_name:\"Nematov\"  phone_number:\"898989\"  jshshir:\"11223344556677\"  address:\"navoi\"  price:\"100000\"  price_paid:\"90000\"  acquaintance:\"hech kim\"  collateral:\"yo'q\"  deadline:\"2024-12-10 00:00:00 +0000 +0000\"  DebtCUD:{created_at:\"2024-12-02 10:44:22.203263 +0000 +0000\"  updated_at:\"2024-12-02 10:44:22.203263 +0000 +0000\"}}"
time="2024-12-05T16:17:26+05:00" level=info msg="GetDebtById: Successfully status:true  message:\"Get Debt Successfully\"  debt:{id:\"b1a21bf1-b806-4b16-ae68-f9176f01a95a\"  first_name:\"Bekzod\"  last_name:\"Nematov\"  phone_number:\"898989\"  jshshir:\"11223344556677\"  address:\"navoi\"  price:\"100000\"  price_paid:\"100000\"  acquaintance:\"hech kim\"  collateral:\"yo'q\"  deadline:\"2024-12-10 00:00:00 +0000 +0000\"  DebtCUD:{created_at:\"2024-12-02 10:44:22.203263 +0000 +0000\"  updated_at:\"2024-12-02 10:44:22.203263 +0000 +0000\"}}"
time="2024-12-05T16:17:26+05:00" level=info msg="GetDebtById: Successfully status:true  message:\"Get Debt Successfully\"  debt:{id:\"b1a21bf1-b806-4b16-ae68-f9176f01a95a\"  first_name:\"Bekzod\"  last_name:\"Nematov\"  phone_number:\"898989\"  jshshir:\"11223344556677\"  address:\"navoi\"  price:\"100000\"  price_paid:\"100000\"  acquaintance:\"hech kim\"  collateral:\"yo'q\"  deadline:\"2024-12-10 00:00:00 +0000 +0000\"  DebtCUD:{created_at:\"2024-12-02 10:44:22.203263 +0000 +0000\"  updated_at:\"2024-12-02 10:44:22.203263 +0000 +0000\"}}"
time="2024-12-05T16:17:27+05:00" level=info msg="GetDebtByFilter: Successfully 1"
time="2024-12-05T16:17:27+05:00" level=info msg="GetDebtByFilter: Successfully 1"
time="2024-12-05T16:18:09+05:00" level=info msg="GetDebtById: Successfully status:true  message:\"Get Debt Successfully\"  debt:{id:\"c1af4b3c-b021-4a6d-8a7f-4f9b5e275621\"  first_name:\"Bekzod\"  last_name:\"Nematov\"  phone_number:\"898989\"  jshshir:\"11223344556677\"  address:\"navoi\"  price:\"100000\"  price_paid:\"20000\"  acquaintance:\"hech kim\"  collateral:\"yo'q\"  deadline:\"2024-12-10 00:00:00 +0000 +0000\"  DebtCUD:{created_at:\"2024-12-02 10:50:50.267901 +0000 +0000\"  updated_at:\"2024-12-02 10:50:50.267901 +0000 +0000\"}}"
time="2024-12-05T16:18:09+05:00" level=info msg="GetDebtById: Successfully status:true  message:\"Get Debt Successfully\"  debt:{id:\"c1af4b3c-b021-4a6d-8a7f-4f9b5e275621\"  first_name:\"Bekzod\"  last_name:\"Nematov\"  phone_number:\"898989\"  jshshir:\"11223344556677\"  address:\"navoi\"  price:\"100000\"  price_paid:\"20000\"  acquaintance:\"hech kim\"  collateral:\"yo'q\"  deadline:\"2024-12-10 00:00:00 +0000 +0000\"  DebtCUD:{created_at:\"2024-12-02 10:50:50.267901 +0000 +0000\"  updated_at:\"2024-12-02 10:50:50.267901 +0000 +0000\"}}"
time="2024-12-05T16:18:18+05:00" level=info msg="GetDebtByFilter: Successfully 1"
time="2024-12-05T16:18:18+05:00" level=info msg="GetDebtByFilter: Successfully 1"
time="2024-12-05T16:18:21+05:00" level=info msg="GetDebtById: Successfully status:true  message:\"Get Debt Successfully\"  debt:{id:\"c1af4b3c-b021-4a6d-8a7f-4f9b5e275621\"  first_name:\"Bekzod\"  last_name:\"Nematov\"  phone_number:\"898989\"  jshshir:\"11223344556677\"  address:\"navoi\"  price:\"100000\"  price_paid:\"30000\"  acquaintance:\"hech kim\"  collateral:\"yo'q\"  deadline:\"2024-12-10 00:00:00 +0000 +0000\"  DebtCUD:{created_at:\"2024-12-02 10:50:50.267901 +0000 +0000\"  updated_at:\"2024-12-02 10:50:50.267901 +0000 +0000\"}}"
time="2024-12-05T16:18:21+05:00" level=info msg="GetDebtById: Successfully status:true  message:\"Get Debt Successfully\"  debt:{id:\"c1af4b3c-b021-4a6d-8a7f-4f9b5e275621\"  first_name:\"Bekzod\"  last_name:\"Nematov\"  phone_number:\"898989\"  jshshir:\"11223344556677\"  address:\"navoi\"  price:\"100000\"  price_paid:\"30000\"  acquaintance:\"hech kim\"  collateral:\"yo'q\"  deadline:\"2024-12-10 00:00:00 +0000 +0000\"  DebtCUD:{created_at:\"2024-12-02 10:50:50.267901 +0000 +0000\"  updated_at:\"2024-12-02 10:50:50.267901 +0000 +0000\"}}"
time="2024-12-05T16:18:22+05:00" level=info msg="GetDebtByFilter: Successfully 1"
time="2024-12-05T16:18:22+05:00" level=info msg="GetDebtByFilter: Successfully 1"
time="2024-12-05T16:24:40+05:00" level=info msg="GetDebtByFilter: Successfully 1"
time="2024-12-05T16:24:40+05:00" level=info msg="GetDebtByFilter: Successfully 1"
time="2024-12-05T16:25:15+05:00" level=info msg="GetDebtById: Successfully status:true  message:\"Get Debt Successfully\"  debt:{id:\"c1af4b3c-b021-4a6d-8a7f-4f9b5e275621\"  first_name:\"Bekzod\"  last_name:\"Nematov\"  phone_number:\"898989\"  jshshir:\"11223344556677\"  address:\"navoi\"  price:\"100000\"  price_paid:\"30000\"  acquaintance:\"hech kim\"  collateral:\"yo'q\"  deadline:\"2024-12-10 00:00:00 +0000 +0000\"  DebtCUD:{created_at:\"2024-12-02 10:50:50.267901 +0000 +0000\"  updated_at:\"2024-12-02 10:50:50.267901 +0000 +0000\"}}"
time="2024-12-05T16:25:15+05:00" level=info msg="GetDebtById: Successfully status:true  message:\"Get Debt Successfully\"  debt:{id:\"c1af4b3c-b021-4a6d-8a7f-4f9b5e275621\"  first_name:\"Bekzod\"  last_name:\"Nematov\"  phone_number:\"898989\"  jshshir:\"11223344556677\"  address:\"navoi\"  price:\"100000\"  price_paid:\"30000\"  acquaintance:\"hech kim\"  collateral:\"yo'q\"  deadline:\"2024-12-10 00:00:00 +0000 +0000\"  DebtCUD:{created_at:\"2024-12-02 10:50:50.267901 +0000 +0000\"  updated_at:\"2024-12-02 10:50:50.267901 +0000 +0000\"}}"
time="2024-12-05T16:25:18+05:00" level=info msg="GetDebtByFilter: Successfully 1"
time="2024-12-05T16:25:18+05:00" level=info msg="GetDebtByFilter: Successfully 1"
time="2024-12-05T16:25:19+05:00" level=info msg="GetDebtById: Successfully status:true  message:\"Get Debt Successfully\"  debt:{id:\"c1af4b3c-b021-4a6d-8a7f-4f9b5e275621\"  first_name:\"Bekzod\"  last_name:\"Nematov\"  phone_number:\"898989\"  jshshir:\"11223344556677\"  address:\"navoi\"  price:\"100000\"  price_paid:\"30001\"  acquaintance:\"hech kim\"  collateral:\"yo'q\"  deadline:\"2024-12-10 00:00:00 +0000 +0000\"  DebtCUD:{created_at:\"2024-12-02 10:50:50.267901 +0000 +0000\"  updated_at:\"2024-12-02 10:50:50.267901 +0000 +0000\"}}"
time="2024-12-05T16:25:19+05:00" level=info msg="GetDebtById: Successfully status:true  message:\"Get Debt Successfully\"  debt:{id:\"c1af4b3c-b021-4a6d-8a7f-4f9b5e275621\"  first_name:\"Bekzod\"  last_name:\"Nematov\"  phone_number:\"898989\"  jshshir:\"11223344556677\"  address:\"navoi\"  price:\"100000\"  price_paid:\"30001\"  acquaintance:\"hech kim\"  collateral:\"yo'q\"  deadline:\"2024-12-10 00:00:00 +0000 +0000\"  DebtCUD:{created_at:\"2024-12-02 10:50:50.267901 +0000 +0000\"  updated_at:\"2024-12-02 10:50:50.267901 +0000 +0000\"}}"
time="2024-12-05T16:27:42+05:00" level=info msg="GetDebtByFilter: Successfully 1"
time="2024-12-05T16:27:42+05:00" level=info msg="GetDebtByFilter: Successfully 1"
time="2024-12-05T16:27:43+05:00" level=info msg="GetDebtById: Successfully status:true  message:\"Get Debt Successfully\"  debt:{id:\"c1af4b3c-b021-4a6d-8a7f-4f9b5e275621\"  first_name:\"Bekzod\"  last_name:\"Nematov\"  phone_number:\"898989\"  jshshir:\"11223344556677\"  address:\"navoi\"  price:\"100000\"  price_paid:\"30001\"  acquaintance:\"hech kim\"  collateral:\"yo'q\"  deadline:\"2024-12-10 00:00:00 +0000 +0000\"  DebtCUD:{created_at:\"2024-12-02 10:50:50.267901 +0000 +0000\"  updated_at:\"2024-12-02 10:50:50.267901 +0000 +0000\"}}"
time="2024-12-05T16:27:43+05:00" level=info msg="GetDebtById: Successfully status:true  message:\"Get Debt Successfully\"  debt:{id:\"c1af4b3c-b021-4a6d-8a7f-4f9b5e275621\"  first_name:\"Bekzod\"  last_name:\"Nematov\"  phone_number:\"898989\"  jshshir:\"11223344556677\"  address:\"navoi\"  price:\"100000\"  price_paid:\"30001\"  acquaintance:\"hech kim\"  collateral:\"yo'q\"  deadline:\"2024-12-10 00:00:00 +0000 +0000\"  DebtCUD:{created_at:\"2024-12-02 10:50:50.267901 +0000 +0000\"  updated_at:\"2024-12-02 10:50:50.267901 +0000 +0000\"}}"
time="2024-12-05T16:27:45+05:00" level=info msg="GetDebtByFilter: Successfully 1"
time="2024-12-05T16:27:45+05:00" level=info msg="GetDebtByFilter: Successfully 1"
time="2024-12-05T16:27:55+05:00" level=info msg="GetDebtById: Successfully status:true  message:\"Get Debt Successfully\"  debt:{id:\"c1af4b3c-b021-4a6d-8a7f-4f9b5e275621\"  first_name:\"Bekzod\"  last_name:\"Nematov\"  phone_number:\"898989\"  jshshir:\"11223344556677\"  address:\"navoi\"  price:\"100000\"  price_paid:\"30003\"  acquaintance:\"hech kim\"  collateral:\"yo'q\"  deadline:\"2024-12-10 00:00:00 +0000 +0000\"  DebtCUD:{created_at:\"2024-12-02 10:50:50.267901 +0000 +0000\"  updated_at:\"2024-12-02 10:50:50.267901 +0000 +0000\"}}"
time="2024-12-05T16:27:55+05:00" level=info msg="GetDebtById: Successfully status:true  message:\"Get Debt Successfully\"  debt:{id:\"c1af4b3c-b021-4a6d-8a7f-4f9b5e275621\"  first_name:\"Bekzod\"  last_name:\"Nematov\"  phone_number:\"898989\"  jshshir:\"11223344556677\"  address:\"navoi\"  price:\"100000\"  price_paid:\"30003\"  acquaintance:\"hech kim\"  collateral:\"yo'q\"  deadline:\"2024-12-10 00:00:00 +0000 +0000\"  DebtCUD:{created_at:\"2024-12-02 10:50:50.267901 +0000 +0000\"  updated_at:\"2024-12-02 10:50:50.267901 +0000 +0000\"}}"
time="2024-12-05T16:27:57+05:00" level=info msg="GetDebtByFilter: Successfully 1"
time="2024-12-05T16:27:57+05:00" level=info msg="GetDebtByFilter: Successfully 1"
time="2024-12-05T16:31:08+05:00" level=info msg="GetDebtById: Successfully status:true  message:\"Get Debt Successfully\"  debt:{id:\"c1af4b3c-b021-4a6d-8a7f-4f9b5e275621\"  first_name:\"Bekzod\"  last_name:\"Nematov\"  phone_number:\"898989\"  jshshir:\"11223344556677\"  address:\"navoi\"  price:\"100000\"  price_paid:\"30005\"  acquaintance:\"hech kim\"  collateral:\"yo'q\"  deadline:\"2024-12-10 00:00:00 +0000 +0000\"  DebtCUD:{created_at:\"2024-12-02 10:50:50.267901 +0000 +0000\"  updated_at:\"2024-12-02 10:50:50.267901 +0000 +0000\"}}"
time="2024-12-05T16:31:08+05:00" level=info msg="GetDebtById: Successfully status:true  message:\"Get Debt Successfully\"  debt:{id:\"c1af4b3c-b021-4a6d-8a7f-4f9b5e275621\"  first_name:\"Bekzod\"  last_name:\"Nematov\"  phone_number:\"898989\"  jshshir:\"11223344556677\"  address:\"navoi\"  price:\"100000\"  price_paid:\"30005\"  acquaintance:\"hech kim\"  collateral:\"yo'q\"  deadline:\"2024-12-10 00:00:00 +0000 +0000\"  DebtCUD:{created_at:\"2024-12-02 10:50:50.267901 +0000 +0000\"  updated_at:\"2024-12-02 10:50:50.267901 +0000 +0000\"}}"
time="2024-12-05T16:31:11+05:00" level=info msg="GetDebtByFilter: Successfully 1"
time="2024-12-05T16:31:11+05:00" level=info msg="GetDebtByFilter: Successfully 1"
time="2024-12-05T16:31:18+05:00" level=info msg="GetDebtById: Successfully status:true  message:\"Get Debt Successfully\"  debt:{id:\"c1af4b3c-b021-4a6d-8a7f-4f9b5e275621\"  first_name:\"Bekzod\"  last_name:\"Nematov\"  phone_number:\"898989\"  jshshir:\"11223344556677\"  address:\"navoi\"  price:\"100000\"  price_paid:\"30006\"  acquaintance:\"hech kim\"  collateral:\"yo'q\"  deadline:\"2024-12-10 00:00:00 +0000 +0000\"  DebtCUD:{created_at:\"2024-12-02 10:50:50.267901 +0000 +0000\"  updated_at:\"2024-12-02 10:50:50.267901 +0000 +0000\"}}"
time="2024-12-05T16:31:18+05:00" level=info msg="GetDebtById: Successfully status:true  message:\"Get Debt Successfully\"  debt:{id:\"c1af4b3c-b021-4a6d-8a7f-4f9b5e275621\"  first_name:\"Bekzod\"  last_name:\"Nematov\"  phone_number:\"898989\"  jshshir:\"11223344556677\"  address:\"navoi\"  price:\"100000\"  price_paid:\"30006\"  acquaintance:\"hech kim\"  collateral:\"yo'q\"  deadline:\"2024-12-10 00:00:00 +0000 +0000\"  DebtCUD:{created_at:\"2024-12-02 10:50:50.267901 +0000 +0000\"  updated_at:\"2024-12-02 10:50:50.267901 +0000 +0000\"}}"
time="2024-12-05T16:31:21+05:00" level=info msg="GetDebtByFilter: Successfully 1"
time="2024-12-05T16:31:21+05:00" level=info msg="GetDebtByFilter: Successfully 1"
time="2024-12-05T16:31:26+05:00" level=info msg="GetDebtById: Successfully status:true  message:\"Get Debt Successfully\"  debt:{id:\"c1af4b3c-b021-4a6d-8a7f-4f9b5e275621\"  first_name:\"Bekzod\"  last_name:\"Nematov\"  phone_number:\"898989\"  jshshir:\"11223344556677\"  address:\"navoi\"  price:\"100000\"  price_paid:\"30008\"  acquaintance:\"hech kim\"  collateral:\"yo'q\"  deadline:\"2024-12-10 00:00:00 +0000 +0000\"  DebtCUD:{created_at:\"2024-12-02 10:50:50.267901 +0000 +0000\"  updated_at:\"2024-12-02 10:50:50.267901 +0000 +0000\"}}"
time="2024-12-05T16:31:26+05:00" level=info msg="GetDebtById: Successfully status:true  message:\"Get Debt Successfully\"  debt:{id:\"c1af4b3c-b021-4a6d-8a7f-4f9b5e275621\"  first_name:\"Bekzod\"  last_name:\"Nematov\"  phone_number:\"898989\"  jshshir:\"11223344556677\"  address:\"navoi\"  price:\"100000\"  price_paid:\"30008\"  acquaintance:\"hech kim\"  collateral:\"yo'q\"  deadline:\"2024-12-10 00:00:00 +0000 +0000\"  DebtCUD:{created_at:\"2024-12-02 10:50:50.267901 +0000 +0000\"  updated_at:\"2024-12-02 10:50:50.267901 +0000 +0000\"}}"
time="2024-12-05T16:31:37+05:00" level=info msg="GetDebtByFilter: Successfully 1"
time="2024-12-05T16:31:37+05:00" level=info msg="GetDebtByFilter: Successfully 1"
time="2024-12-05T16:31:51+05:00" level=info msg="GetDebtById: Successfully status:true  message:\"Get Debt Successfully\"  debt:{id:\"c1af4b3c-b021-4a6d-8a7f-4f9b5e275621\"  first_name:\"Bekzod\"  last_name:\"Nematov\"  phone_number:\"898989\"  jshshir:\"11223344556677\"  address:\"navoi\"  price:\"100000\"  price_paid:\"30009\"  acquaintance:\"hech kim\"  collateral:\"yo'q\"  deadline:\"2024-12-10 00:00:00 +0000 +0000\"  DebtCUD:{created_at:\"2024-12-02 10:50:50.267901 +0000 +0000\"  updated_at:\"2024-12-02 10:50:50.267901 +0000 +0000\"}}"
time="2024-12-05T16:31:51+05:00" level=info msg="GetDebtById: Successfully status:true  message:\"Get Debt Successfully\"  debt:{id:\"c1af4b3c-b021-4a6d-8a7f-4f9b5e275621\"  first_name:\"Bekzod\"  last_name:\"Nematov\"  phone_number:\"898989\"  jshshir:\"11223344556677\"  address:\"navoi\"  price:\"100000\"  price_paid:\"30009\"  acquaintance:\"hech kim\"  collateral:\"yo'q\"  deadline:\"2024-12-10 00:00:00 +0000 +0000\"  DebtCUD:{created_at:\"2024-12-02 10:50:50.267901 +0000 +0000\"  updated_at:\"2024-12-02 10:50:50.267901 +0000 +0000\"}}"
time="2024-12-05T16:31:55+05:00" level=info msg="GetDebtByFilter: Successfully 1"
time="2024-12-05T16:31:55+05:00" level=info msg="GetDebtByFilter: Successfully 1"
time="2024-12-05T16:32:05+05:00" level=info msg="GetDebtById: Successfully status:true  message:\"Get Debt Successfully\"  debt:{id:\"c1af4b3c-b021-4a6d-8a7f-4f9b5e275621\"  first_name:\"Bekzod\"  last_name:\"Nematov\"  phone_number:\"898989\"  jshshir:\"11223344556677\"  address:\"navoi\"  price:\"100000\"  price_paid:\"30010\"  acquaintance:\"hech kim\"  collateral:\"yo'q\"  deadline:\"2024-12-10 00:00:00 +0000 +0000\"  DebtCUD:{created_at:\"2024-12-02 10:50:50.267901 +0000 +0000\"  updated_at:\"2024-12-02 10:50:50.267901 +0000 +0000\"}}"
time="2024-12-05T16:32:05+05:00" level=info msg="GetDebtById: Successfully status:true  message:\"Get Debt Successfully\"  debt:{id:\"c1af4b3c-b021-4a6d-8a7f-4f9b5e275621\"  first_name:\"Bekzod\"  last_name:\"Nematov\"  phone_number:\"898989\"  jshshir:\"11223344556677\"  address:\"navoi\"  price:\"100000\"  price_paid:\"30010\"  acquaintance:\"hech kim\"  collateral:\"yo'q\"  deadline:\"2024-12-10 00:00:00 +0000 +0000\"  DebtCUD:{created_at:\"2024-12-02 10:50:50.267901 +0000 +0000\"  updated_at:\"2024-12-02 10:50:50.267901 +0000 +0000\"}}"
time="2024-12-05T16:32:09+05:00" level=info msg="GetDebtByFilter: Successfully 1"
time="2024-12-05T16:32:09+05:00" level=info msg="GetDebtByFilter: Successfully 1"
time="2024-12-05T16:32:12+05:00" level=info msg="GetDebtById: Successfully status:true  message:\"Get Debt Successfully\"  debt:{id:\"c1af4b3c-b021-4a6d-8a7f-4f9b5e275621\"  first_name:\"Bekzod\"  last_name:\"Nematov\"  phone_number:\"898989\"  jshshir:\"11223344556677\"  address:\"navoi\"  price:\"100000\"  price_paid:\"30012\"  acquaintance:\"hech kim\"  collateral:\"yo'q\"  deadline:\"2024-12-10 00:00:00 +0000 +0000\"  DebtCUD:{created_at:\"2024-12-02 10:50:50.267901 +0000 +0000\"  updated_at:\"2024-12-02 10:50:50.267901 +0000 +0000\"}}"
time="2024-12-05T16:32:12+05:00" level=info msg="GetDebtById: Successfully status:true  message:\"Get Debt Successfully\"  debt:{id:\"c1af4b3c-b021-4a6d-8a7f-4f9b5e275621\"  first_name:\"Bekzod\"  last_name:\"Nematov\"  phone_number:\"898989\"  jshshir:\"11223344556677\"  address:\"navoi\"  price:\"100000\"  price_paid:\"30012\"  acquaintance:\"hech kim\"  collateral:\"yo'q\"  deadline:\"2024-12-10 00:00:00 +0000 +0000\"  DebtCUD:{created_at:\"2024-12-02 10:50:50.267901 +0000 +0000\"  updated_at:\"2024-12-02 10:50:50.267901 +0000 +0000\"}}"
time="2024-12-05T16:32:15+05:00" level=info msg="GetDebtByFilter: Successfully 1"
time="2024-12-05T16:32:15+05:00" level=info msg="GetDebtByFilter: Successfully 1"
time="2024-12-05T16:32:16+05:00" level=info msg="GetDebtById: Successfully status:true  message:\"Get Debt Successfully\"  debt:{id:\"c1af4b3c-b021-4a6d-8a7f-4f9b5e275621\"  first_name:\"Bekzod\"  last_name:\"Nematov\"  phone_number:\"898989\"  jshshir:\"11223344556677\"  address:\"navoi\"  price:\"100000\"  price_paid:\"30012\"  acquaintance:\"hech kim\"  collateral:\"yo'q\"  deadline:\"2024-12-10 00:00:00 +0000 +0000\"  DebtCUD:{created_at:\"2024-12-02 10:50:50.267901 +0000 +0000\"  updated_at:\"2024-12-02 10:50:50.267901 +0000 +0000\"}}"
time="2024-12-05T16:32:16+05:00" level=info msg="GetDebtById: Successfully status:true  message:\"Get Debt Successfully\"  debt:{id:\"c1af4b3c-b021-4a6d-8a7f-4f9b5e275621\"  first_name:\"Bekzod\"  last_name:\"Nematov\"  phone_number:\"898989\"  jshshir:\"11223344556677\"  address:\"navoi\"  price:\"100000\"  price_paid:\"30012\"  acquaintance:\"hech kim\"  collateral:\"yo'q\"  deadline:\"2024-12-10 00:00:00 +0000 +0000\"  DebtCUD:{created_at:\"2024-12-02 10:50:50.267901 +0000 +0000\"  updated_at:\"2024-12-02 10:50:50.267901 +0000 +0000\"}}"
time="2024-12-05T16:32:23+05:00" level=info msg="GetDebtByFilter: Successfully 0"
time="2024-12-05T16:32:23+05:00" level=info msg="GetDebtByFilter: Successfully 0"
time="2024-12-05T16:32:44+05:00" level=info msg="GetDebtByFilter: Successfully 0"
time="2024-12-05T16:32:44+05:00" level=info msg="GetDebtByFilter: Successfully 0"
time="2024-12-05T16:33:05+05:00" level=info msg="GetDebtByFilter: Successfully 0"
time="2024-12-05T16:33:05+05:00" level=info msg="GetDebtByFilter: Successfully 0"
time="2024-12-05T16:33:05+05:00" level=info msg="GetDebtByFilter: Successfully 0"
time="2024-12-05T16:33:05+05:00" level=info msg="GetDebtByFilter: Successfully 0"
time="2024-12-05T16:33:17+05:00" level=info msg="GetDebtByFilter: Successfully 0"
time="2024-12-05T16:33:17+05:00" level=info msg="GetDebtByFilter: Successfully 0"
time="2024-12-05T16:33:27+05:00" level=info msg="GetDebtByFilter: Successfully 0"
time="2024-12-05T16:33:27+05:00" level=info msg="GetDebtByFilter: Successfully 0"
time="2024-12-05T16:33:30+05:00" level=info msg="GetDebtByFilter: Successfully 0"
time="2024-12-05T16:33:30+05:00" level=info msg="GetDebtByFilter: Successfully 0"
time="2024-12-05T16:33:49+05:00" level=info msg="GetDebtByFilter: Successfully 0"
time="2024-12-05T16:33:49+05:00" level=info msg="GetDebtByFilter: Successfully 0"
time="2024-12-05T16:33:51+05:00" level=info msg="GetDebtByFilter: Successfully 0"
time="2024-12-05T16:33:51+05:00" level=info msg="GetDebtByFilter: Successfully 0"
time="2024-12-05T16:33:51+05:00" level=info msg="GetDebtByFilter: Successfully 0"
time="2024-12-05T16:33:51+05:00" level=info msg="GetDebtByFilter: Successfully 0"
time="2024-12-05T16:33:54+05:00" level=info msg="GetDebtByFilter: Successfully 0"
time="2024-12-05T16:33:54+05:00" level=info msg="GetDebtByFilter: Successfully 0"
time="2024-12-05T16:33:56+05:00" level=info msg="GetDebtByFilter: Successfully 0"
time="2024-12-05T16:33:56+05:00" level=info msg="GetDebtByFilter: Successfully 0"
time="2024-12-05T16:33:59+05:00" level=info msg="GetDebtByFilter: Successfully 0"
time="2024-12-05T16:33:59+05:00" level=info msg="GetDebtByFilter: Successfully 0"
time="2024-12-05T16:34:10+05:00" level=info msg="GetDebtByFilter: Successfully 0"
time="2024-12-05T16:34:10+05:00" level=info msg="GetDebtByFilter: Successfully 0"
time="2024-12-05T16:35:13+05:00" level=info msg="GetDebtByFilter: Successfully 0"
time="2024-12-05T16:35:13+05:00" level=info msg="GetDebtByFilter: Successfully 0"
time="2024-12-05T16:35:21+05:00" level=info msg="GetDebtByFilter: Successfully 0"
time="2024-12-05T16:35:24+05:00" level=info msg="GetDebtByFilter: Successfully 0"
time="2024-12-05T16:35:26+05:00" level=info msg="GetDebtByFilter: Successfully 0"
time="2024-12-05T16:35:28+05:00" level=info msg="GetDebtByFilter: Successfully 0"
time="2024-12-05T16:36:23+05:00" level=error msg="GetProductByFilter: Service error - rpc error: code = Unavailable desc = connection error: desc = \"transport: Error while dialing: dial tcp 127.0.0.1:8001: connect: connection refused\""
time="2024-12-05T16:36:23+05:00" level=error msg="GetProductByFilter: Service error - rpc error: code = Unavailable desc = connection error: desc = \"transport: Error while dialing: dial tcp 127.0.0.1:8001: connect: connection refused\""
time="2024-12-05T16:36:26+05:00" level=info msg="GetDebtByFilter: Successfully 0"
time="2024-12-05T16:36:26+05:00" level=info msg="GetDebtByFilter: Successfully 0"
time="2024-12-06T09:34:35+05:00" level=info msg="Configuration loaded successfully"
time="2024-12-06T09:34:35+05:00" level=info msg="Connected to Product Service"
time="2024-12-06T09:34:35+05:00" level=info msg="Connected to Product Service"
time="2024-12-06T09:34:35+05:00" level=info msg="Connected to Debt Service"
time="2024-12-06T09:34:35+05:00" level=info msg="Service clients initialized"
time="2024-12-06T09:34:35+05:00" level=info msg="Connected to MinIO"
time="2024-12-06T09:34:35+05:00" level=info msg="Starting API Gateway on address::9000"
time="2024-12-06T09:34:35+05:00" level=info msg="Starting API Gateway on: :9000"
time="2024-12-06T09:34:38+05:00" level=info msg="GetProductByFilter: Successfully 2"
time="2024-12-06T09:34:38+05:00" level=info msg="GetProductByFilter: Successfully 2"
time="2024-12-06T09:34:39+05:00" level=info msg="GetDebtByFilter: Successfully 0"
time="2024-12-06T09:34:39+05:00" level=info msg="GetDebtByFilter: Successfully 0"
time="2024-12-06T09:34:41+05:00" level=info msg="GetDebtByFilter: Successfully 0"
time="2024-12-06T09:34:41+05:00" level=info msg="GetDebtByFilter: Successfully 0"
time="2024-12-06T09:34:59+05:00" level=info msg="GetProductByFilter: Successfully 2"
time="2024-12-06T09:34:59+05:00" level=info msg="GetProductByFilter: Successfully 2"
